RevolvingLog v. 1.0.0.0
04/22/25 06:06:35 - Created
--------------------------------------------------------------------------------

04/22/25 06:06:36
Just after loading UI ATC map
All ATC maps
Machine: VMX42i XP DS
Next Tool: 	LC: 0
Pockets: 31
Pocket	Lock	UI	SDB	File
0	 	0	0
1	 	49	49	49
2	 	4	4	4
3	 	0	0	0
4	 	68	68	68
5	 	2	2	2
6	 	0	0	0
7	 	173	173	173
8	 	67	67	67
9	 	3	3	3
10	 	159	159	159
11	 	19	19	19
12	 	21	21	21
13	 	10	10	10
14	 	9	9	9
15	 	20	20	20
16	 	14	14	14
17	 	74	74	74
18	 	99	99	99
19	 	17	17	17
20	 	77	77	77
21	 	62	62	62
22	 	6	6	6
23	 	82	82	82
24	 	0	0	0
25	 	45	45	45
26	 	188	188	188
27	 	79	79	79
28	 	18	18	18
29	 	78	78	78
30	 	11	11	11
31	 	0	0	0

04/22/25 06:06:36
Next tool changed to 0

04/22/25 06:06:36
Tool in Spindle status changed to Auto.

04/22/25 06:22:19
LC requested CNC_SAVE_ATC_MAP command

04/22/25 06:22:19
LC requested CNC_SAVE_ATC_MAP command

04/22/25 06:22:19
Error: Tool 3 was still in pocket 9.  Had to clear it.
04/22/25 06:22:19
Toolchange: Spindle  changed to tool 3
All ATC maps
Machine: VMX42i XP DS
Next Tool: 	LC: 0
Pockets: 31
Pocket	Lock	UI	SDB	File
0	 	3	3
1	 	49	49	49
2	 	4	4	4
3	 	0	0	0
4	 	68	68	68
5	 	2	2	2
6	 	0	0	0
7	 	173	173	173
8	 	67	67	67
9	 	0	0	3
10	 	159	159	159
11	 	19	19	19
12	 	21	21	21
13	 	10	10	10
14	 	9	9	9
15	 	20	20	20
16	 	14	14	14
17	 	74	74	74
18	 	99	99	99
19	 	17	17	17
20	 	77	77	77
21	 	62	62	62
22	 	6	6	6
23	 	82	82	82
24	 	0	0	0
25	 	45	45	45
26	 	188	188	188
27	 	79	79	79
28	 	18	18	18
29	 	78	78	78
30	 	11	11	11
31	 	0	0	0

04/22/25 06:22:19
RT wrote Config.sdf File successfully

04/22/25 06:22:19
RT wrote Config.sdf File successfully

04/22/25 06:22:21

@@@ ATC Pocket Home notification

04/22/25 06:23:11
LC requested CNC_SAVE_ATC_MAP command

04/22/25 06:23:11
Toolchange: Spindle  changed to tool 0
All ATC maps
Machine: VMX42i XP DS
Next Tool: 	LC: 0
Pockets: 31
Pocket	Lock	UI	SDB	File
0	 	0	0
1	 	49	49	49
2	 	4	4	4
3	 	0	0	0
4	 	68	68	68
5	 	2	2	2
6	 	0	0	0
7	 	173	173	173
8	 	67	67	67
9	 	0	0	0
10	 	159	159	159
11	 	19	19	19
12	 	21	21	21
13	 	10	10	10
14	 	9	9	9
15	 	20	20	20
16	 	14	14	14
17	 	74	74	74
18	 	99	99	99
19	 	17	17	17
20	 	77	77	77
21	 	62	62	62
22	 	6	6	6
23	 	82	82	82
24	 	0	0	0
25	 	45	45	45
26	 	188	188	188
27	 	79	79	79
28	 	18	18	18
29	 	78	78	78
30	 	11	11	11
31	 	0	0	0

04/22/25 06:23:12
RT wrote Config.sdf File successfully

04/22/25 06:23:12
LC requested CNC_SAVE_ATC_MAP command

04/22/25 06:23:12
LC requested CNC_SAVE_ATC_MAP command

04/22/25 06:23:12
Error: Tool 9 was still in pocket 14.  Had to clear it.
04/22/25 06:23:12
Toolchange: Spindle  changed to tool 9
All ATC maps
Machine: VMX42i XP DS
Next Tool: 	LC: 0
Pockets: 31
Pocket	Lock	UI	SDB	File
0	 	9	9
1	 	49	49	49
2	 	4	4	4
3	 	0	0	0
4	 	68	68	68
5	 	2	2	2
6	 	0	0	0
7	 	173	173	173
8	 	67	67	67
9	 	0	0	0
10	 	159	159	159
11	 	19	19	19
12	 	21	21	21
13	 	10	10	10
14	 	0	3	9
15	 	20	20	20
16	 	14	14	14
17	 	74	74	74
18	 	99	99	99
19	 	17	17	17
20	 	77	77	77
21	 	62	62	62
22	 	6	6	6
23	 	82	82	82
24	 	0	0	0
25	 	45	45	45
26	 	188	188	188
27	 	79	79	79
28	 	18	18	18
29	 	78	78	78
30	 	11	11	11
31	 	0	0	0

04/22/25 06:23:12
Toolchange: Pocket 14 changed to tool 3
All ATC maps
Machine: VMX42i XP DS
Next Tool: 	LC: 0
Pockets: 31
Pocket	Lock	UI	SDB	File
0	 	9	9
1	 	49	49	49
2	 	4	4	4
3	 	0	0	0
4	 	68	68	68
5	 	2	2	2
6	 	0	0	0
7	 	173	173	173
8	 	67	67	67
9	 	0	0	0
10	 	159	159	159
11	 	19	19	19
12	 	21	21	21
13	 	10	10	10
14	 	3	3	9
15	 	20	20	20
16	 	14	14	14
17	 	74	74	74
18	 	99	99	99
19	 	17	17	17
20	 	77	77	77
21	 	62	62	62
22	 	6	6	6
23	 	82	82	82
24	 	0	0	0
25	 	45	45	45
26	 	188	188	188
27	 	79	79	79
28	 	18	18	18
29	 	78	78	78
30	 	11	11	11
31	 	0	0	0

04/22/25 06:23:12
RT wrote Config.sdf File successfully

04/22/25 06:23:12
RT wrote Config.sdf File successfully

04/22/25 06:23:14

@@@ ATC Pocket Home notification

04/22/25 06:28:18
LC requested CNC_SAVE_ATC_MAP command

04/22/25 06:28:18
Toolchange: Spindle  changed to tool 0
All ATC maps
Machine: VMX42i XP DS
Next Tool: 	LC: 0
Pockets: 31
Pocket	Lock	UI	SDB	File
0	 	0	0
1	 	49	49	49
2	 	4	4	4
3	 	0	0	0
4	 	68	68	68
5	 	2	2	2
6	 	0	0	0
7	 	173	173	173
8	 	67	67	67
9	 	0	0	0
10	 	159	159	159
11	 	19	19	19
12	 	21	21	21
13	 	10	10	10
14	 	3	3	3
15	 	20	20	20
16	 	14	14	14
17	 	74	74	74
18	 	99	99	99
19	 	17	17	17
20	 	77	77	77
21	 	62	62	62
22	 	6	6	6
23	 	82	82	82
24	 	0	0	0
25	 	45	45	45
26	 	188	188	188
27	 	79	79	79
28	 	18	18	18
29	 	78	78	78
30	 	11	11	11
31	 	0	0	0

04/22/25 06:28:19
RT wrote Config.sdf File successfully

04/22/25 06:28:19
LC requested CNC_SAVE_ATC_MAP command

04/22/25 06:28:19
LC requested CNC_SAVE_ATC_MAP command

04/22/25 06:28:19
Error: Tool 62 was still in pocket 21.  Had to clear it.
04/22/25 06:28:19
Toolchange: Spindle  changed to tool 62
All ATC maps
Machine: VMX42i XP DS
Next Tool: 	LC: 0
Pockets: 31
Pocket	Lock	UI	SDB	File
0	 	62	62
1	 	49	49	49
2	 	4	4	4
3	 	0	0	0
4	 	68	68	68
5	 	2	2	2
6	 	0	0	0
7	 	173	173	173
8	 	67	67	67
9	 	0	0	0
10	 	159	159	159
11	 	19	19	19
12	 	21	21	21
13	 	10	10	10
14	 	3	3	3
15	 	20	20	20
16	 	14	14	14
17	 	74	74	74
18	 	99	99	99
19	 	17	17	17
20	 	77	77	77
21	 	0	9	62
22	 	6	6	6
23	 	82	82	82
24	 	0	0	0
25	 	45	45	45
26	 	188	188	188
27	 	79	79	79
28	 	18	18	18
29	 	78	78	78
30	 	11	11	11
31	 	0	0	0

04/22/25 06:28:19
Toolchange: Pocket 21 changed to tool 9
All ATC maps
Machine: VMX42i XP DS
Next Tool: 	LC: 0
Pockets: 31
Pocket	Lock	UI	SDB	File
0	 	62	62
1	 	49	49	49
2	 	4	4	4
3	 	0	0	0
4	 	68	68	68
5	 	2	2	2
6	 	0	0	0
7	 	173	173	173
8	 	67	67	67
9	 	0	0	0
10	 	159	159	159
11	 	19	19	19
12	 	21	21	21
13	 	10	10	10
14	 	3	3	3
15	 	20	20	20
16	 	14	14	14
17	 	74	74	74
18	 	99	99	99
19	 	17	17	17
20	 	77	77	77
21	 	9	9	62
22	 	6	6	6
23	 	82	82	82
24	 	0	0	0
25	 	45	45	45
26	 	188	188	188
27	 	79	79	79
28	 	18	18	18
29	 	78	78	78
30	 	11	11	11
31	 	0	0	0

04/22/25 06:28:19
RT wrote Config.sdf File successfully

04/22/25 06:28:19
RT wrote Config.sdf File successfully

04/22/25 06:28:21

@@@ ATC Pocket Home notification

04/22/25 06:29:08
LC requested CNC_SAVE_ATC_MAP command

04/22/25 06:29:08
Toolchange: Spindle  changed to tool 0
All ATC maps
Machine: VMX42i XP DS
Next Tool: 	LC: 0
Pockets: 31
Pocket	Lock	UI	SDB	File
0	 	0	0
1	 	49	49	49
2	 	4	4	4
3	 	0	0	0
4	 	68	68	68
5	 	2	2	2
6	 	0	0	0
7	 	173	173	173
8	 	67	67	67
9	 	0	0	0
10	 	159	159	159
11	 	19	19	19
12	 	21	21	21
13	 	10	10	10
14	 	3	3	3
15	 	20	20	20
16	 	14	14	14
17	 	74	74	74
18	 	99	99	99
19	 	17	17	17
20	 	77	77	77
21	 	9	9	9
22	 	6	6	6
23	 	82	82	82
24	 	0	0	0
25	 	45	45	45
26	 	188	188	188
27	 	79	79	79
28	 	18	18	18
29	 	78	78	78
30	 	11	11	11
31	 	0	0	0

04/22/25 06:29:08
RT wrote Config.sdf File successfully

04/22/25 06:29:09
LC requested CNC_SAVE_ATC_MAP command

04/22/25 06:29:09
LC requested CNC_SAVE_ATC_MAP command

04/22/25 06:29:09
Error: Tool 18 was still in pocket 28.  Had to clear it.
04/22/25 06:29:09
Toolchange: Spindle  changed to tool 18
All ATC maps
Machine: VMX42i XP DS
Next Tool: 	LC: 0
Pockets: 31
Pocket	Lock	UI	SDB	File
0	 	18	18
1	 	49	49	49
2	 	4	4	4
3	 	0	0	0
4	 	68	68	68
5	 	2	2	2
6	 	0	0	0
7	 	173	173	173
8	 	67	67	67
9	 	0	0	0
10	 	159	159	159
11	 	19	19	19
12	 	21	21	21
13	 	10	10	10
14	 	3	3	3
15	 	20	20	20
16	 	14	14	14
17	 	74	74	74
18	 	99	99	99
19	 	17	17	17
20	 	77	77	77
21	 	9	9	9
22	 	6	6	6
23	 	82	82	82
24	 	0	0	0
25	 	45	45	45
26	 	188	188	188
27	 	79	79	79
28	 	0	62	18
29	 	78	78	78
30	 	11	11	11
31	 	0	0	0

04/22/25 06:29:09
Toolchange: Pocket 28 changed to tool 62
All ATC maps
Machine: VMX42i XP DS
Next Tool: 	LC: 0
Pockets: 31
Pocket	Lock	UI	SDB	File
0	 	18	18
1	 	49	49	49
2	 	4	4	4
3	 	0	0	0
4	 	68	68	68
5	 	2	2	2
6	 	0	0	0
7	 	173	173	173
8	 	67	67	67
9	 	0	0	0
10	 	159	159	159
11	 	19	19	19
12	 	21	21	21
13	 	10	10	10
14	 	3	3	3
15	 	20	20	20
16	 	14	14	14
17	 	74	74	74
18	 	99	99	99
19	 	17	17	17
20	 	77	77	77
21	 	9	9	9
22	 	6	6	6
23	 	82	82	82
24	 	0	0	0
25	 	45	45	45
26	 	188	188	188
27	 	79	79	79
28	 	62	62	18
29	 	78	78	78
30	 	11	11	11
31	 	0	0	0

04/22/25 06:29:09
RT wrote Config.sdf File successfully

04/22/25 06:29:09
RT wrote Config.sdf File successfully

04/22/25 06:29:11

@@@ ATC Pocket Home notification

04/22/25 06:29:40
LC requested CNC_SAVE_ATC_MAP command

04/22/25 06:29:40
Toolchange: Spindle  changed to tool 0
All ATC maps
Machine: VMX42i XP DS
Next Tool: 	LC: 0
Pockets: 31
Pocket	Lock	UI	SDB	File
0	 	0	0
1	 	49	49	49
2	 	4	4	4
3	 	0	0	0
4	 	68	68	68
5	 	2	2	2
6	 	0	0	0
7	 	173	173	173
8	 	67	67	67
9	 	0	0	0
10	 	159	159	159
11	 	19	19	19
12	 	21	21	21
13	 	10	10	10
14	 	3	3	3
15	 	20	20	20
16	 	14	14	14
17	 	74	74	74
18	 	99	99	99
19	 	17	17	17
20	 	77	77	77
21	 	9	9	9
22	 	6	6	6
23	 	82	82	82
24	 	0	0	0
25	 	45	45	45
26	 	188	188	188
27	 	79	79	79
28	 	62	62	62
29	 	78	78	78
30	 	11	11	11
31	 	0	0	0

04/22/25 06:29:40
RT wrote Config.sdf File successfully

04/22/25 06:29:40
LC requested CNC_SAVE_ATC_MAP command

04/22/25 06:29:40
LC requested CNC_SAVE_ATC_MAP command

04/22/25 06:29:40
Error: Tool 49 was still in pocket 1.  Had to clear it.
04/22/25 06:29:40
Toolchange: Spindle  changed to tool 49
All ATC maps
Machine: VMX42i XP DS
Next Tool: 	LC: 0
Pockets: 31
Pocket	Lock	UI	SDB	File
0	 	49	49
1	 	0	18	49
2	 	4	4	4
3	 	0	0	0
4	 	68	68	68
5	 	2	2	2
6	 	0	0	0
7	 	173	173	173
8	 	67	67	67
9	 	0	0	0
10	 	159	159	159
11	 	19	19	19
12	 	21	21	21
13	 	10	10	10
14	 	3	3	3
15	 	20	20	20
16	 	14	14	14
17	 	74	74	74
18	 	99	99	99
19	 	17	17	17
20	 	77	77	77
21	 	9	9	9
22	 	6	6	6
23	 	82	82	82
24	 	0	0	0
25	 	45	45	45
26	 	188	188	188
27	 	79	79	79
28	 	62	62	62
29	 	78	78	78
30	 	11	11	11
31	 	0	0	0

04/22/25 06:29:40
Toolchange: Pocket 1 changed to tool 18
All ATC maps
Machine: VMX42i XP DS
Next Tool: 	LC: 0
Pockets: 31
Pocket	Lock	UI	SDB	File
0	 	49	49
1	 	18	18	49
2	 	4	4	4
3	 	0	0	0
4	 	68	68	68
5	 	2	2	2
6	 	0	0	0
7	 	173	173	173
8	 	67	67	67
9	 	0	0	0
10	 	159	159	159
11	 	19	19	19
12	 	21	21	21
13	 	10	10	10
14	 	3	3	3
15	 	20	20	20
16	 	14	14	14
17	 	74	74	74
18	 	99	99	99
19	 	17	17	17
20	 	77	77	77
21	 	9	9	9
22	 	6	6	6
23	 	82	82	82
24	 	0	0	0
25	 	45	45	45
26	 	188	188	188
27	 	79	79	79
28	 	62	62	62
29	 	78	78	78
30	 	11	11	11
31	 	0	0	0

04/22/25 06:29:40
RT wrote Config.sdf File successfully

04/22/25 06:29:40
RT wrote Config.sdf File successfully

04/22/25 06:29:42

@@@ ATC Pocket Home notification

04/22/25 06:30:21
LC requested CNC_SAVE_ATC_MAP command

04/22/25 06:30:22
Toolchange: Spindle  changed to tool 0
All ATC maps
Machine: VMX42i XP DS
Next Tool: 	LC: 0
Pockets: 31
Pocket	Lock	UI	SDB	File
0	 	0	0
1	 	18	18	18
2	 	4	4	4
3	 	0	0	0
4	 	68	68	68
5	 	2	2	2
6	 	0	0	0
7	 	173	173	173
8	 	67	67	67
9	 	0	0	0
10	 	159	159	159
11	 	19	19	19
12	 	21	21	21
13	 	10	10	10
14	 	3	3	3
15	 	20	20	20
16	 	14	14	14
17	 	74	74	74
18	 	99	99	99
19	 	17	17	17
20	 	77	77	77
21	 	9	9	9
22	 	6	6	6
23	 	82	82	82
24	 	0	0	0
25	 	45	45	45
26	 	188	188	188
27	 	79	79	79
28	 	62	62	62
29	 	78	78	78
30	 	11	11	11
31	 	0	0	0

04/22/25 06:30:22
RT wrote Config.sdf File successfully

04/22/25 06:30:22
LC requested CNC_SAVE_ATC_MAP command

04/22/25 06:30:22
LC requested CNC_SAVE_ATC_MAP command

04/22/25 06:30:22
Error: Tool 159 was still in pocket 10.  Had to clear it.
04/22/25 06:30:22
Toolchange: Spindle  changed to tool 159
All ATC maps
Machine: VMX42i XP DS
Next Tool: 	LC: 0
Pockets: 31
Pocket	Lock	UI	SDB	File
0	 	159	159
1	 	18	18	18
2	 	4	4	4
3	 	0	0	0
4	 	68	68	68
5	 	2	2	2
6	 	0	0	0
7	 	173	173	173
8	 	67	67	67
9	 	0	0	0
10	 	0	49	159
11	 	19	19	19
12	 	21	21	21
13	 	10	10	10
14	 	3	3	3
15	 	20	20	20
16	 	14	14	14
17	 	74	74	74
18	 	99	99	99
19	 	17	17	17
20	 	77	77	77
21	 	9	9	9
22	 	6	6	6
23	 	82	82	82
24	 	0	0	0
25	 	45	45	45
26	 	188	188	188
27	 	79	79	79
28	 	62	62	62
29	 	78	78	78
30	 	11	11	11
31	 	0	0	0

04/22/25 06:30:22
Toolchange: Pocket 10 changed to tool 49
All ATC maps
Machine: VMX42i XP DS
Next Tool: 	LC: 0
Pockets: 31
Pocket	Lock	UI	SDB	File
0	 	159	159
1	 	18	18	18
2	 	4	4	4
3	 	0	0	0
4	 	68	68	68
5	 	2	2	2
6	 	0	0	0
7	 	173	173	173
8	 	67	67	67
9	 	0	0	0
10	 	49	49	159
11	 	19	19	19
12	 	21	21	21
13	 	10	10	10
14	 	3	3	3
15	 	20	20	20
16	 	14	14	14
17	 	74	74	74
18	 	99	99	99
19	 	17	17	17
20	 	77	77	77
21	 	9	9	9
22	 	6	6	6
23	 	82	82	82
24	 	0	0	0
25	 	45	45	45
26	 	188	188	188
27	 	79	79	79
28	 	62	62	62
29	 	78	78	78
30	 	11	11	11
31	 	0	0	0

04/22/25 06:30:22
RT wrote Config.sdf File successfully

04/22/25 06:30:22
RT wrote Config.sdf File successfully

04/22/25 06:30:24

@@@ ATC Pocket Home notification

04/22/25 07:49:03
LC requested CNC_SAVE_ATC_MAP command

04/22/25 07:49:03
Toolchange: Spindle  changed to tool 0
All ATC maps
Machine: VMX42i XP DS
Next Tool: 	LC: 0
Pockets: 31
Pocket	Lock	UI	SDB	File
0	 	0	0
1	 	18	18	18
2	 	4	4	4
3	 	0	0	0
4	 	68	68	68
5	 	2	2	2
6	 	0	0	0
7	 	173	173	173
8	 	67	67	67
9	 	0	0	0
10	 	49	49	49
11	 	19	19	19
12	 	21	21	21
13	 	10	10	10
14	 	3	3	3
15	 	20	20	20
16	 	14	14	14
17	 	74	74	74
18	 	99	99	99
19	 	17	17	17
20	 	77	77	77
21	 	9	9	9
22	 	6	6	6
23	 	82	82	82
24	 	0	0	0
25	 	45	45	45
26	 	188	188	188
27	 	79	79	79
28	 	62	62	62
29	 	78	78	78
30	 	11	11	11
31	 	0	0	0

04/22/25 07:49:03
RT wrote Config.sdf File successfully

04/22/25 07:49:04
LC requested CNC_SAVE_ATC_MAP command

04/22/25 07:49:04
Error: Tool 3 was still in pocket 14.  Had to clear it.
04/22/25 07:49:04
Toolchange: Spindle  changed to tool 3
All ATC maps
Machine: VMX42i XP DS
Next Tool: 	LC: 0
Pockets: 31
Pocket	Lock	UI	SDB	File
0	 	3	0
1	 	18	18	18
2	 	4	4	4
3	 	0	0	0
4	 	68	68	68
5	 	2	2	2
6	 	0	0	0
7	 	173	173	173
8	 	67	67	67
9	 	0	0	0
10	 	49	49	49
11	 	19	19	19
12	 	21	21	21
13	 	10	10	10
14	 	0	159	3
15	 	20	20	20
16	 	14	14	14
17	 	74	74	74
18	 	99	99	99
19	 	17	17	17
20	 	77	77	77
21	 	9	9	9
22	 	6	6	6
23	 	82	82	82
24	 	0	0	0
25	 	45	45	45
26	 	188	188	188
27	 	79	79	79
28	 	62	62	62
29	 	78	78	78
30	 	11	11	11
31	 	0	0	0

04/22/25 07:49:04
Toolchange: Pocket 14 changed to tool 159
All ATC maps
Machine: VMX42i XP DS
Next Tool: 	LC: 0
Pockets: 31
Pocket	Lock	UI	SDB	File
0	 	3	0
1	 	18	18	18
2	 	4	4	4
3	 	0	0	0
4	 	68	68	68
5	 	2	2	2
6	 	0	0	0
7	 	173	173	173
8	 	67	67	67
9	 	0	0	0
10	 	49	49	49
11	 	19	19	19
12	 	21	21	21
13	 	10	10	10
14	 	159	159	3
15	 	20	20	20
16	 	14	14	14
17	 	74	74	74
18	 	99	99	99
19	 	17	17	17
20	 	77	77	77
21	 	9	9	9
22	 	6	6	6
23	 	82	82	82
24	 	0	0	0
25	 	45	45	45
26	 	188	188	188
27	 	79	79	79
28	 	62	62	62
29	 	78	78	78
30	 	11	11	11
31	 	0	0	0

04/22/25 07:49:04
LC requested CNC_SAVE_ATC_MAP command

04/22/25 07:49:04
RT wrote Config.sdf File successfully

04/22/25 07:49:04
RT wrote Config.sdf File successfully

04/22/25 07:49:06

@@@ ATC Pocket Home notification

04/22/25 07:49:36
Toolchange: Spindle  changed to tool 0
All ATC maps
Machine: VMX42i XP DS
Next Tool: 	LC: 0
Pockets: 31
Pocket	Lock	UI	SDB	File
0	 	0	3
1	 	18	18	18
2	 	4	4	4
3	 	0	0	0
4	 	68	68	68
5	 	2	2	2
6	 	0	0	0
7	 	173	173	173
8	 	67	67	67
9	 	0	0	0
10	 	49	49	49
11	 	19	19	19
12	 	21	21	21
13	 	10	10	10
14	 	159	159	159
15	 	20	20	20
16	 	14	14	14
17	 	74	74	74
18	 	99	99	99
19	 	17	17	17
20	 	77	77	77
21	 	9	9	9
22	 	6	6	6
23	 	82	82	82
24	 	0	0	0
25	 	45	45	45
26	 	188	188	188
27	 	79	79	79
28	 	62	62	62
29	 	78	78	78
30	 	11	11	11
31	 	0	0	0

04/22/25 07:49:36
LC requested CNC_SAVE_ATC_MAP command

04/22/25 07:49:36
RT wrote Config.sdf File successfully

04/22/25 07:49:37
LC requested CNC_SAVE_ATC_MAP command

04/22/25 07:49:37
LC requested CNC_SAVE_ATC_MAP command

04/22/25 07:49:37
Error: Tool 9 was still in pocket 21.  Had to clear it.
04/22/25 07:49:37
Toolchange: Spindle  changed to tool 9
All ATC maps
Machine: VMX42i XP DS
Next Tool: 	LC: 0
Pockets: 31
Pocket	Lock	UI	SDB	File
0	 	9	9
1	 	18	18	18
2	 	4	4	4
3	 	0	0	0
4	 	68	68	68
5	 	2	2	2
6	 	0	0	0
7	 	173	173	173
8	 	67	67	67
9	 	0	0	0
10	 	49	49	49
11	 	19	19	19
12	 	21	21	21
13	 	10	10	10
14	 	159	159	159
15	 	20	20	20
16	 	14	14	14
17	 	74	74	74
18	 	99	99	99
19	 	17	17	17
20	 	77	77	77
21	 	0	3	9
22	 	6	6	6
23	 	82	82	82
24	 	0	0	0
25	 	45	45	45
26	 	188	188	188
27	 	79	79	79
28	 	62	62	62
29	 	78	78	78
30	 	11	11	11
31	 	0	0	0

04/22/25 07:49:37
Toolchange: Pocket 21 changed to tool 3
All ATC maps
Machine: VMX42i XP DS
Next Tool: 	LC: 0
Pockets: 31
Pocket	Lock	UI	SDB	File
0	 	9	9
1	 	18	18	18
2	 	4	4	4
3	 	0	0	0
4	 	68	68	68
5	 	2	2	2
6	 	0	0	0
7	 	173	173	173
8	 	67	67	67
9	 	0	0	0
10	 	49	49	49
11	 	19	19	19
12	 	21	21	21
13	 	10	10	10
14	 	159	159	159
15	 	20	20	20
16	 	14	14	14
17	 	74	74	74
18	 	99	99	99
19	 	17	17	17
20	 	77	77	77
21	 	3	3	9
22	 	6	6	6
23	 	82	82	82
24	 	0	0	0
25	 	45	45	45
26	 	188	188	188
27	 	79	79	79
28	 	62	62	62
29	 	78	78	78
30	 	11	11	11
31	 	0	0	0

04/22/25 07:49:37
RT wrote Config.sdf File successfully

04/22/25 07:49:37
RT wrote Config.sdf File successfully

04/22/25 07:49:39

@@@ ATC Pocket Home notification

04/22/25 07:54:53
Toolchange: Spindle  changed to tool 0
All ATC maps
Machine: VMX42i XP DS
Next Tool: 	LC: 0
Pockets: 31
Pocket	Lock	UI	SDB	File
0	 	0	9
1	 	18	18	18
2	 	4	4	4
3	 	0	0	0
4	 	68	68	68
5	 	2	2	2
6	 	0	0	0
7	 	173	173	173
8	 	67	67	67
9	 	0	0	0
10	 	49	49	49
11	 	19	19	19
12	 	21	21	21
13	 	10	10	10
14	 	159	159	159
15	 	20	20	20
16	 	14	14	14
17	 	74	74	74
18	 	99	99	99
19	 	17	17	17
20	 	77	77	77
21	 	3	3	3
22	 	6	6	6
23	 	82	82	82
24	 	0	0	0
25	 	45	45	45
26	 	188	188	188
27	 	79	79	79
28	 	62	62	62
29	 	78	78	78
30	 	11	11	11
31	 	0	0	0

04/22/25 07:54:53
LC requested CNC_SAVE_ATC_MAP command

04/22/25 07:54:54
RT wrote Config.sdf File successfully

04/22/25 07:54:54
LC requested CNC_SAVE_ATC_MAP command

04/22/25 07:54:54
LC requested CNC_SAVE_ATC_MAP command

04/22/25 07:54:54
Error: Tool 62 was still in pocket 28.  Had to clear it.
04/22/25 07:54:54
Toolchange: Spindle  changed to tool 62
All ATC maps
Machine: VMX42i XP DS
Next Tool: 	LC: 0
Pockets: 31
Pocket	Lock	UI	SDB	File
0	 	62	62
1	 	18	18	18
2	 	4	4	4
3	 	0	0	0
4	 	68	68	68
5	 	2	2	2
6	 	0	0	0
7	 	173	173	173
8	 	67	67	67
9	 	0	0	0
10	 	49	49	49
11	 	19	19	19
12	 	21	21	21
13	 	10	10	10
14	 	159	159	159
15	 	20	20	20
16	 	14	14	14
17	 	74	74	74
18	 	99	99	99
19	 	17	17	17
20	 	77	77	77
21	 	3	3	3
22	 	6	6	6
23	 	82	82	82
24	 	0	0	0
25	 	45	45	45
26	 	188	188	188
27	 	79	79	79
28	 	0	9	62
29	 	78	78	78
30	 	11	11	11
31	 	0	0	0

04/22/25 07:54:54
Toolchange: Pocket 28 changed to tool 9
All ATC maps
Machine: VMX42i XP DS
Next Tool: 	LC: 0
Pockets: 31
Pocket	Lock	UI	SDB	File
0	 	62	62
1	 	18	18	18
2	 	4	4	4
3	 	0	0	0
4	 	68	68	68
5	 	2	2	2
6	 	0	0	0
7	 	173	173	173
8	 	67	67	67
9	 	0	0	0
10	 	49	49	49
11	 	19	19	19
12	 	21	21	21
13	 	10	10	10
14	 	159	159	159
15	 	20	20	20
16	 	14	14	14
17	 	74	74	74
18	 	99	99	99
19	 	17	17	17
20	 	77	77	77
21	 	3	3	3
22	 	6	6	6
23	 	82	82	82
24	 	0	0	0
25	 	45	45	45
26	 	188	188	188
27	 	79	79	79
28	 	9	9	62
29	 	78	78	78
30	 	11	11	11
31	 	0	0	0

04/22/25 07:54:54
RT wrote Config.sdf File successfully

04/22/25 07:54:54
RT wrote Config.sdf File successfully

04/22/25 07:54:56

@@@ ATC Pocket Home notification

04/22/25 07:55:25
LC requested CNC_SAVE_ATC_MAP command

04/22/25 07:55:25
Toolchange: Spindle  changed to tool 0
All ATC maps
Machine: VMX42i XP DS
Next Tool: 	LC: 0
Pockets: 31
Pocket	Lock	UI	SDB	File
0	 	0	0
1	 	18	18	18
2	 	4	4	4
3	 	0	0	0
4	 	68	68	68
5	 	2	2	2
6	 	0	0	0
7	 	173	173	173
8	 	67	67	67
9	 	0	0	0
10	 	49	49	49
11	 	19	19	19
12	 	21	21	21
13	 	10	10	10
14	 	159	159	159
15	 	20	20	20
16	 	14	14	14
17	 	74	74	74
18	 	99	99	99
19	 	17	17	17
20	 	77	77	77
21	 	3	3	3
22	 	6	6	6
23	 	82	82	82
24	 	0	0	0
25	 	45	45	45
26	 	188	188	188
27	 	79	79	79
28	 	9	9	9
29	 	78	78	78
30	 	11	11	11
31	 	0	0	0

04/22/25 07:55:25
RT wrote Config.sdf File successfully

04/22/25 07:55:25
LC requested CNC_SAVE_ATC_MAP command

04/22/25 07:55:25
LC requested CNC_SAVE_ATC_MAP command

04/22/25 07:55:25
Error: Tool 18 was still in pocket 1.  Had to clear it.
04/22/25 07:55:25
Toolchange: Spindle  changed to tool 18
All ATC maps
Machine: VMX42i XP DS
Next Tool: 	LC: 0
Pockets: 31
Pocket	Lock	UI	SDB	File
0	 	18	18
1	 	0	62	18
2	 	4	4	4
3	 	0	0	0
4	 	68	68	68
5	 	2	2	2
6	 	0	0	0
7	 	173	173	173
8	 	67	67	67
9	 	0	0	0
10	 	49	49	49
11	 	19	19	19
12	 	21	21	21
13	 	10	10	10
14	 	159	159	159
15	 	20	20	20
16	 	14	14	14
17	 	74	74	74
18	 	99	99	99
19	 	17	17	17
20	 	77	77	77
21	 	3	3	3
22	 	6	6	6
23	 	82	82	82
24	 	0	0	0
25	 	45	45	45
26	 	188	188	188
27	 	79	79	79
28	 	9	9	9
29	 	78	78	78
30	 	11	11	11
31	 	0	0	0

04/22/25 07:55:25
Toolchange: Pocket 1 changed to tool 62
All ATC maps
Machine: VMX42i XP DS
Next Tool: 	LC: 0
Pockets: 31
Pocket	Lock	UI	SDB	File
0	 	18	18
1	 	62	62	18
2	 	4	4	4
3	 	0	0	0
4	 	68	68	68
5	 	2	2	2
6	 	0	0	0
7	 	173	173	173
8	 	67	67	67
9	 	0	0	0
10	 	49	49	49
11	 	19	19	19
12	 	21	21	21
13	 	10	10	10
14	 	159	159	159
15	 	20	20	20
16	 	14	14	14
17	 	74	74	74
18	 	99	99	99
19	 	17	17	17
20	 	77	77	77
21	 	3	3	3
22	 	6	6	6
23	 	82	82	82
24	 	0	0	0
25	 	45	45	45
26	 	188	188	188
27	 	79	79	79
28	 	9	9	9
29	 	78	78	78
30	 	11	11	11
31	 	0	0	0

04/22/25 07:55:26
RT wrote Config.sdf File successfully

04/22/25 07:55:26
RT wrote Config.sdf File successfully

04/22/25 07:55:27

@@@ ATC Pocket Home notification

04/22/25 07:55:56
LC requested CNC_SAVE_ATC_MAP command

04/22/25 07:55:56
Toolchange: Spindle  changed to tool 0
All ATC maps
Machine: VMX42i XP DS
Next Tool: 	LC: 0
Pockets: 31
Pocket	Lock	UI	SDB	File
0	 	0	0
1	 	62	62	62
2	 	4	4	4
3	 	0	0	0
4	 	68	68	68
5	 	2	2	2
6	 	0	0	0
7	 	173	173	173
8	 	67	67	67
9	 	0	0	0
10	 	49	49	49
11	 	19	19	19
12	 	21	21	21
13	 	10	10	10
14	 	159	159	159
15	 	20	20	20
16	 	14	14	14
17	 	74	74	74
18	 	99	99	99
19	 	17	17	17
20	 	77	77	77
21	 	3	3	3
22	 	6	6	6
23	 	82	82	82
24	 	0	0	0
25	 	45	45	45
26	 	188	188	188
27	 	79	79	79
28	 	9	9	9
29	 	78	78	78
30	 	11	11	11
31	 	0	0	0

04/22/25 07:55:56
RT wrote Config.sdf File successfully

04/22/25 07:55:56
LC requested CNC_SAVE_ATC_MAP command

04/22/25 07:55:56
LC requested CNC_SAVE_ATC_MAP command

04/22/25 07:55:57
Error: Tool 49 was still in pocket 10.  Had to clear it.
04/22/25 07:55:57
Toolchange: Spindle  changed to tool 49
All ATC maps
Machine: VMX42i XP DS
Next Tool: 	LC: 0
Pockets: 31
Pocket	Lock	UI	SDB	File
0	 	49	49
1	 	62	62	62
2	 	4	4	4
3	 	0	0	0
4	 	68	68	68
5	 	2	2	2
6	 	0	0	0
7	 	173	173	173
8	 	67	67	67
9	 	0	0	0
10	 	0	18	49
11	 	19	19	19
12	 	21	21	21
13	 	10	10	10
14	 	159	159	159
15	 	20	20	20
16	 	14	14	14
17	 	74	74	74
18	 	99	99	99
19	 	17	17	17
20	 	77	77	77
21	 	3	3	3
22	 	6	6	6
23	 	82	82	82
24	 	0	0	0
25	 	45	45	45
26	 	188	188	188
27	 	79	79	79
28	 	9	9	9
29	 	78	78	78
30	 	11	11	11
31	 	0	0	0

04/22/25 07:55:57
Toolchange: Pocket 10 changed to tool 18
All ATC maps
Machine: VMX42i XP DS
Next Tool: 	LC: 0
Pockets: 31
Pocket	Lock	UI	SDB	File
0	 	49	49
1	 	62	62	62
2	 	4	4	4
3	 	0	0	0
4	 	68	68	68
5	 	2	2	2
6	 	0	0	0
7	 	173	173	173
8	 	67	67	67
9	 	0	0	0
10	 	18	18	49
11	 	19	19	19
12	 	21	21	21
13	 	10	10	10
14	 	159	159	159
15	 	20	20	20
16	 	14	14	14
17	 	74	74	74
18	 	99	99	99
19	 	17	17	17
20	 	77	77	77
21	 	3	3	3
22	 	6	6	6
23	 	82	82	82
24	 	0	0	0
25	 	45	45	45
26	 	188	188	188
27	 	79	79	79
28	 	9	9	9
29	 	78	78	78
30	 	11	11	11
31	 	0	0	0

04/22/25 07:55:57
RT wrote Config.sdf File successfully

04/22/25 07:55:57
RT wrote Config.sdf File successfully

04/22/25 07:55:58

@@@ ATC Pocket Home notification

04/22/25 07:56:37
LC requested CNC_SAVE_ATC_MAP command

04/22/25 07:56:38
Toolchange: Spindle  changed to tool 0
All ATC maps
Machine: VMX42i XP DS
Next Tool: 	LC: 0
Pockets: 31
Pocket	Lock	UI	SDB	File
0	 	0	0
1	 	62	62	62
2	 	4	4	4
3	 	0	0	0
4	 	68	68	68
5	 	2	2	2
6	 	0	0	0
7	 	173	173	173
8	 	67	67	67
9	 	0	0	0
10	 	18	18	18
11	 	19	19	19
12	 	21	21	21
13	 	10	10	10
14	 	159	159	159
15	 	20	20	20
16	 	14	14	14
17	 	74	74	74
18	 	99	99	99
19	 	17	17	17
20	 	77	77	77
21	 	3	3	3
22	 	6	6	6
23	 	82	82	82
24	 	0	0	0
25	 	45	45	45
26	 	188	188	188
27	 	79	79	79
28	 	9	9	9
29	 	78	78	78
30	 	11	11	11
31	 	0	0	0

04/22/25 07:56:38
RT wrote Config.sdf File successfully

04/22/25 07:56:38
LC requested CNC_SAVE_ATC_MAP command

04/22/25 07:56:38
LC requested CNC_SAVE_ATC_MAP command

04/22/25 07:56:38
Error: Tool 159 was still in pocket 14.  Had to clear it.
04/22/25 07:56:38
Toolchange: Spindle  changed to tool 159
All ATC maps
Machine: VMX42i XP DS
Next Tool: 	LC: 0
Pockets: 31
Pocket	Lock	UI	SDB	File
0	 	159	159
1	 	62	62	62
2	 	4	4	4
3	 	0	0	0
4	 	68	68	68
5	 	2	2	2
6	 	0	0	0
7	 	173	173	173
8	 	67	67	67
9	 	0	0	0
10	 	18	18	18
11	 	19	19	19
12	 	21	21	21
13	 	10	10	10
14	 	0	49	159
15	 	20	20	20
16	 	14	14	14
17	 	74	74	74
18	 	99	99	99
19	 	17	17	17
20	 	77	77	77
21	 	3	3	3
22	 	6	6	6
23	 	82	82	82
24	 	0	0	0
25	 	45	45	45
26	 	188	188	188
27	 	79	79	79
28	 	9	9	9
29	 	78	78	78
30	 	11	11	11
31	 	0	0	0

04/22/25 07:56:38
Toolchange: Pocket 14 changed to tool 49
All ATC maps
Machine: VMX42i XP DS
Next Tool: 	LC: 0
Pockets: 31
Pocket	Lock	UI	SDB	File
0	 	159	159
1	 	62	62	62
2	 	4	4	4
3	 	0	0	0
4	 	68	68	68
5	 	2	2	2
6	 	0	0	0
7	 	173	173	173
8	 	67	67	67
9	 	0	0	0
10	 	18	18	18
11	 	19	19	19
12	 	21	21	21
13	 	10	10	10
14	 	49	49	159
15	 	20	20	20
16	 	14	14	14
17	 	74	74	74
18	 	99	99	99
19	 	17	17	17
20	 	77	77	77
21	 	3	3	3
22	 	6	6	6
23	 	82	82	82
24	 	0	0	0
25	 	45	45	45
26	 	188	188	188
27	 	79	79	79
28	 	9	9	9
29	 	78	78	78
30	 	11	11	11
31	 	0	0	0

04/22/25 07:56:38
RT wrote Config.sdf File successfully

04/22/25 07:56:38
RT wrote Config.sdf File successfully

04/22/25 07:56:40

@@@ ATC Pocket Home notification

04/22/25 09:15:51
LC requested CNC_SAVE_ATC_MAP command

04/22/25 09:15:51
Toolchange: Spindle  changed to tool 0
All ATC maps
Machine: VMX42i XP DS
Next Tool: 	LC: 0
Pockets: 31
Pocket	Lock	UI	SDB	File
0	 	0	0
1	 	62	62	62
2	 	4	4	4
3	 	0	0	0
4	 	68	68	68
5	 	2	2	2
6	 	0	0	0
7	 	173	173	173
8	 	67	67	67
9	 	0	0	0
10	 	18	18	18
11	 	19	19	19
12	 	21	21	21
13	 	10	10	10
14	 	49	49	49
15	 	20	20	20
16	 	14	14	14
17	 	74	74	74
18	 	99	99	99
19	 	17	17	17
20	 	77	77	77
21	 	3	3	3
22	 	6	6	6
23	 	82	82	82
24	 	0	0	0
25	 	45	45	45
26	 	188	188	188
27	 	79	79	79
28	 	9	9	9
29	 	78	78	78
30	 	11	11	11
31	 	0	0	0

04/22/25 09:15:51
RT wrote Config.sdf File successfully

04/22/25 09:15:51
LC requested CNC_SAVE_ATC_MAP command

04/22/25 09:15:51
LC requested CNC_SAVE_ATC_MAP command

04/22/25 09:15:51
Error: Tool 3 was still in pocket 21.  Had to clear it.
04/22/25 09:15:51
Toolchange: Spindle  changed to tool 3
All ATC maps
Machine: VMX42i XP DS
Next Tool: 	LC: 0
Pockets: 31
Pocket	Lock	UI	SDB	File
0	 	3	3
1	 	62	62	62
2	 	4	4	4
3	 	0	0	0
4	 	68	68	68
5	 	2	2	2
6	 	0	0	0
7	 	173	173	173
8	 	67	67	67
9	 	0	0	0
10	 	18	18	18
11	 	19	19	19
12	 	21	21	21
13	 	10	10	10
14	 	49	49	49
15	 	20	20	20
16	 	14	14	14
17	 	74	74	74
18	 	99	99	99
19	 	17	17	17
20	 	77	77	77
21	 	0	159	3
22	 	6	6	6
23	 	82	82	82
24	 	0	0	0
25	 	45	45	45
26	 	188	188	188
27	 	79	79	79
28	 	9	9	9
29	 	78	78	78
30	 	11	11	11
31	 	0	0	0

04/22/25 09:15:51
Toolchange: Pocket 21 changed to tool 159
All ATC maps
Machine: VMX42i XP DS
Next Tool: 	LC: 0
Pockets: 31
Pocket	Lock	UI	SDB	File
0	 	3	3
1	 	62	62	62
2	 	4	4	4
3	 	0	0	0
4	 	68	68	68
5	 	2	2	2
6	 	0	0	0
7	 	173	173	173
8	 	67	67	67
9	 	0	0	0
10	 	18	18	18
11	 	19	19	19
12	 	21	21	21
13	 	10	10	10
14	 	49	49	49
15	 	20	20	20
16	 	14	14	14
17	 	74	74	74
18	 	99	99	99
19	 	17	17	17
20	 	77	77	77
21	 	159	159	3
22	 	6	6	6
23	 	82	82	82
24	 	0	0	0
25	 	45	45	45
26	 	188	188	188
27	 	79	79	79
28	 	9	9	9
29	 	78	78	78
30	 	11	11	11
31	 	0	0	0

04/22/25 09:15:52
RT wrote Config.sdf File successfully

04/22/25 09:15:52
RT wrote Config.sdf File successfully

04/22/25 09:15:53

@@@ ATC Pocket Home notification

04/22/25 09:16:31
LC requested CNC_SAVE_ATC_MAP command

04/22/25 09:16:31
Toolchange: Spindle  changed to tool 0
All ATC maps
Machine: VMX42i XP DS
Next Tool: 	LC: 0
Pockets: 31
Pocket	Lock	UI	SDB	File
0	 	0	0
1	 	62	62	62
2	 	4	4	4
3	 	0	0	0
4	 	68	68	68
5	 	2	2	2
6	 	0	0	0
7	 	173	173	173
8	 	67	67	67
9	 	0	0	0
10	 	18	18	18
11	 	19	19	19
12	 	21	21	21
13	 	10	10	10
14	 	49	49	49
15	 	20	20	20
16	 	14	14	14
17	 	74	74	74
18	 	99	99	99
19	 	17	17	17
20	 	77	77	77
21	 	159	159	159
22	 	6	6	6
23	 	82	82	82
24	 	0	0	0
25	 	45	45	45
26	 	188	188	188
27	 	79	79	79
28	 	9	9	9
29	 	78	78	78
30	 	11	11	11
31	 	0	0	0

04/22/25 09:16:31
RT wrote Config.sdf File successfully

04/22/25 09:16:32
LC requested CNC_SAVE_ATC_MAP command

04/22/25 09:16:32
LC requested CNC_SAVE_ATC_MAP command

04/22/25 09:16:32
Error: Tool 9 was still in pocket 28.  Had to clear it.
04/22/25 09:16:32
Toolchange: Spindle  changed to tool 9
All ATC maps
Machine: VMX42i XP DS
Next Tool: 	LC: 0
Pockets: 31
Pocket	Lock	UI	SDB	File
0	 	9	9
1	 	62	62	62
2	 	4	4	4
3	 	0	0	0
4	 	68	68	68
5	 	2	2	2
6	 	0	0	0
7	 	173	173	173
8	 	67	67	67
9	 	0	0	0
10	 	18	18	18
11	 	19	19	19
12	 	21	21	21
13	 	10	10	10
14	 	49	49	49
15	 	20	20	20
16	 	14	14	14
17	 	74	74	74
18	 	99	99	99
19	 	17	17	17
20	 	77	77	77
21	 	159	159	159
22	 	6	6	6
23	 	82	82	82
24	 	0	0	0
25	 	45	45	45
26	 	188	188	188
27	 	79	79	79
28	 	0	3	9
29	 	78	78	78
30	 	11	11	11
31	 	0	0	0

04/22/25 09:16:32
Toolchange: Pocket 28 changed to tool 3
All ATC maps
Machine: VMX42i XP DS
Next Tool: 	LC: 0
Pockets: 31
Pocket	Lock	UI	SDB	File
0	 	9	9
1	 	62	62	62
2	 	4	4	4
3	 	0	0	0
4	 	68	68	68
5	 	2	2	2
6	 	0	0	0
7	 	173	173	173
8	 	67	67	67
9	 	0	0	0
10	 	18	18	18
11	 	19	19	19
12	 	21	21	21
13	 	10	10	10
14	 	49	49	49
15	 	20	20	20
16	 	14	14	14
17	 	74	74	74
18	 	99	99	99
19	 	17	17	17
20	 	77	77	77
21	 	159	159	159
22	 	6	6	6
23	 	82	82	82
24	 	0	0	0
25	 	45	45	45
26	 	188	188	188
27	 	79	79	79
28	 	3	3	9
29	 	78	78	78
30	 	11	11	11
31	 	0	0	0

04/22/25 09:16:32
RT wrote Config.sdf File successfully

04/22/25 09:16:32
RT wrote Config.sdf File successfully

04/22/25 09:16:34

@@@ ATC Pocket Home notification

04/22/25 09:21:37
Toolchange: Spindle  changed to tool 0
All ATC maps
Machine: VMX42i XP DS
Next Tool: 	LC: 0
Pockets: 31
Pocket	Lock	UI	SDB	File
0	 	0	9
1	 	62	62	62
2	 	4	4	4
3	 	0	0	0
4	 	68	68	68
5	 	2	2	2
6	 	0	0	0
7	 	173	173	173
8	 	67	67	67
9	 	0	0	0
10	 	18	18	18
11	 	19	19	19
12	 	21	21	21
13	 	10	10	10
14	 	49	49	49
15	 	20	20	20
16	 	14	14	14
17	 	74	74	74
18	 	99	99	99
19	 	17	17	17
20	 	77	77	77
21	 	159	159	159
22	 	6	6	6
23	 	82	82	82
24	 	0	0	0
25	 	45	45	45
26	 	188	188	188
27	 	79	79	79
28	 	3	3	3
29	 	78	78	78
30	 	11	11	11
31	 	0	0	0

04/22/25 09:21:37
LC requested CNC_SAVE_ATC_MAP command

04/22/25 09:21:37
RT wrote Config.sdf File successfully

04/22/25 09:21:37
LC requested CNC_SAVE_ATC_MAP command

04/22/25 09:21:37
LC requested CNC_SAVE_ATC_MAP command

04/22/25 09:21:37
Error: Tool 62 was still in pocket 1.  Had to clear it.
04/22/25 09:21:37
Toolchange: Spindle  changed to tool 62
All ATC maps
Machine: VMX42i XP DS
Next Tool: 	LC: 0
Pockets: 31
Pocket	Lock	UI	SDB	File
0	 	62	62
1	 	0	9	62
2	 	4	4	4
3	 	0	0	0
4	 	68	68	68
5	 	2	2	2
6	 	0	0	0
7	 	173	173	173
8	 	67	67	67
9	 	0	0	0
10	 	18	18	18
11	 	19	19	19
12	 	21	21	21
13	 	10	10	10
14	 	49	49	49
15	 	20	20	20
16	 	14	14	14
17	 	74	74	74
18	 	99	99	99
19	 	17	17	17
20	 	77	77	77
21	 	159	159	159
22	 	6	6	6
23	 	82	82	82
24	 	0	0	0
25	 	45	45	45
26	 	188	188	188
27	 	79	79	79
28	 	3	3	3
29	 	78	78	78
30	 	11	11	11
31	 	0	0	0

04/22/25 09:21:37
Toolchange: Pocket 1 changed to tool 9
All ATC maps
Machine: VMX42i XP DS
Next Tool: 	LC: 0
Pockets: 31
Pocket	Lock	UI	SDB	File
0	 	62	62
1	 	9	9	62
2	 	4	4	4
3	 	0	0	0
4	 	68	68	68
5	 	2	2	2
6	 	0	0	0
7	 	173	173	173
8	 	67	67	67
9	 	0	0	0
10	 	18	18	18
11	 	19	19	19
12	 	21	21	21
13	 	10	10	10
14	 	49	49	49
15	 	20	20	20
16	 	14	14	14
17	 	74	74	74
18	 	99	99	99
19	 	17	17	17
20	 	77	77	77
21	 	159	159	159
22	 	6	6	6
23	 	82	82	82
24	 	0	0	0
25	 	45	45	45
26	 	188	188	188
27	 	79	79	79
28	 	3	3	3
29	 	78	78	78
30	 	11	11	11
31	 	0	0	0

04/22/25 09:21:38
RT wrote Config.sdf File successfully

04/22/25 09:21:38
RT wrote Config.sdf File successfully

04/22/25 09:21:39

@@@ ATC Pocket Home notification

04/22/25 09:22:08
LC requested CNC_SAVE_ATC_MAP command

04/22/25 09:22:08
Toolchange: Spindle  changed to tool 0
All ATC maps
Machine: VMX42i XP DS
Next Tool: 	LC: 0
Pockets: 31
Pocket	Lock	UI	SDB	File
0	 	0	0
1	 	9	9	9
2	 	4	4	4
3	 	0	0	0
4	 	68	68	68
5	 	2	2	2
6	 	0	0	0
7	 	173	173	173
8	 	67	67	67
9	 	0	0	0
10	 	18	18	18
11	 	19	19	19
12	 	21	21	21
13	 	10	10	10
14	 	49	49	49
15	 	20	20	20
16	 	14	14	14
17	 	74	74	74
18	 	99	99	99
19	 	17	17	17
20	 	77	77	77
21	 	159	159	159
22	 	6	6	6
23	 	82	82	82
24	 	0	0	0
25	 	45	45	45
26	 	188	188	188
27	 	79	79	79
28	 	3	3	3
29	 	78	78	78
30	 	11	11	11
31	 	0	0	0

04/22/25 09:22:08
RT wrote Config.sdf File successfully

04/22/25 09:22:08
LC requested CNC_SAVE_ATC_MAP command

04/22/25 09:22:08
LC requested CNC_SAVE_ATC_MAP command

04/22/25 09:22:08
Error: Tool 18 was still in pocket 10.  Had to clear it.
04/22/25 09:22:08
Toolchange: Spindle  changed to tool 18
All ATC maps
Machine: VMX42i XP DS
Next Tool: 	LC: 0
Pockets: 31
Pocket	Lock	UI	SDB	File
0	 	18	18
1	 	9	9	9
2	 	4	4	4
3	 	0	0	0
4	 	68	68	68
5	 	2	2	2
6	 	0	0	0
7	 	173	173	173
8	 	67	67	67
9	 	0	0	0
10	 	0	62	18
11	 	19	19	19
12	 	21	21	21
13	 	10	10	10
14	 	49	49	49
15	 	20	20	20
16	 	14	14	14
17	 	74	74	74
18	 	99	99	99
19	 	17	17	17
20	 	77	77	77
21	 	159	159	159
22	 	6	6	6
23	 	82	82	82
24	 	0	0	0
25	 	45	45	45
26	 	188	188	188
27	 	79	79	79
28	 	3	3	3
29	 	78	78	78
30	 	11	11	11
31	 	0	0	0

04/22/25 09:22:08
Toolchange: Pocket 10 changed to tool 62
All ATC maps
Machine: VMX42i XP DS
Next Tool: 	LC: 0
Pockets: 31
Pocket	Lock	UI	SDB	File
0	 	18	18
1	 	9	9	9
2	 	4	4	4
3	 	0	0	0
4	 	68	68	68
5	 	2	2	2
6	 	0	0	0
7	 	173	173	173
8	 	67	67	67
9	 	0	0	0
10	 	62	62	18
11	 	19	19	19
12	 	21	21	21
13	 	10	10	10
14	 	49	49	49
15	 	20	20	20
16	 	14	14	14
17	 	74	74	74
18	 	99	99	99
19	 	17	17	17
20	 	77	77	77
21	 	159	159	159
22	 	6	6	6
23	 	82	82	82
24	 	0	0	0
25	 	45	45	45
26	 	188	188	188
27	 	79	79	79
28	 	3	3	3
29	 	78	78	78
30	 	11	11	11
31	 	0	0	0

04/22/25 09:22:09
RT wrote Config.sdf File successfully

04/22/25 09:22:09
RT wrote Config.sdf File successfully

04/22/25 09:22:10

@@@ ATC Pocket Home notification

04/22/25 09:23:02
LC requested CNC_SAVE_ATC_MAP command

04/22/25 09:23:02
Toolchange: Spindle  changed to tool 0
All ATC maps
Machine: VMX42i XP DS
Next Tool: 	LC: 0
Pockets: 31
Pocket	Lock	UI	SDB	File
0	 	0	0
1	 	9	9	9
2	 	4	4	4
3	 	0	0	0
4	 	68	68	68
5	 	2	2	2
6	 	0	0	0
7	 	173	173	173
8	 	67	67	67
9	 	0	0	0
10	 	62	62	62
11	 	19	19	19
12	 	21	21	21
13	 	10	10	10
14	 	49	49	49
15	 	20	20	20
16	 	14	14	14
17	 	74	74	74
18	 	99	99	99
19	 	17	17	17
20	 	77	77	77
21	 	159	159	159
22	 	6	6	6
23	 	82	82	82
24	 	0	0	0
25	 	45	45	45
26	 	188	188	188
27	 	79	79	79
28	 	3	3	3
29	 	78	78	78
30	 	11	11	11
31	 	0	0	0

04/22/25 09:23:03
RT wrote Config.sdf File successfully

04/22/25 09:23:03
LC requested CNC_SAVE_ATC_MAP command

04/22/25 09:23:03
LC requested CNC_SAVE_ATC_MAP command

04/22/25 09:23:03
Error: Tool 49 was still in pocket 14.  Had to clear it.
04/22/25 09:23:03
Toolchange: Spindle  changed to tool 49
All ATC maps
Machine: VMX42i XP DS
Next Tool: 	LC: 0
Pockets: 31
Pocket	Lock	UI	SDB	File
0	 	49	49
1	 	9	9	9
2	 	4	4	4
3	 	0	0	0
4	 	68	68	68
5	 	2	2	2
6	 	0	0	0
7	 	173	173	173
8	 	67	67	67
9	 	0	0	0
10	 	62	62	62
11	 	19	19	19
12	 	21	21	21
13	 	10	10	10
14	 	0	18	49
15	 	20	20	20
16	 	14	14	14
17	 	74	74	74
18	 	99	99	99
19	 	17	17	17
20	 	77	77	77
21	 	159	159	159
22	 	6	6	6
23	 	82	82	82
24	 	0	0	0
25	 	45	45	45
26	 	188	188	188
27	 	79	79	79
28	 	3	3	3
29	 	78	78	78
30	 	11	11	11
31	 	0	0	0

04/22/25 09:23:03
Toolchange: Pocket 14 changed to tool 18
All ATC maps
Machine: VMX42i XP DS
Next Tool: 	LC: 0
Pockets: 31
Pocket	Lock	UI	SDB	File
0	 	49	49
1	 	9	9	9
2	 	4	4	4
3	 	0	0	0
4	 	68	68	68
5	 	2	2	2
6	 	0	0	0
7	 	173	173	173
8	 	67	67	67
9	 	0	0	0
10	 	62	62	62
11	 	19	19	19
12	 	21	21	21
13	 	10	10	10
14	 	18	18	49
15	 	20	20	20
16	 	14	14	14
17	 	74	74	74
18	 	99	99	99
19	 	17	17	17
20	 	77	77	77
21	 	159	159	159
22	 	6	6	6
23	 	82	82	82
24	 	0	0	0
25	 	45	45	45
26	 	188	188	188
27	 	79	79	79
28	 	3	3	3
29	 	78	78	78
30	 	11	11	11
31	 	0	0	0

04/22/25 09:23:03
RT wrote Config.sdf File successfully

04/22/25 09:23:03
RT wrote Config.sdf File successfully

04/22/25 09:23:05

@@@ ATC Pocket Home notification

04/22/25 09:23:44
Toolchange: Spindle  changed to tool 0
All ATC maps
Machine: VMX42i XP DS
Next Tool: 	LC: 0
Pockets: 31
Pocket	Lock	UI	SDB	File
0	 	0	49
1	 	9	9	9
2	 	4	4	4
3	 	0	0	0
4	 	68	68	68
5	 	2	2	2
6	 	0	0	0
7	 	173	173	173
8	 	67	67	67
9	 	0	0	0
10	 	62	62	62
11	 	19	19	19
12	 	21	21	21
13	 	10	10	10
14	 	18	18	18
15	 	20	20	20
16	 	14	14	14
17	 	74	74	74
18	 	99	99	99
19	 	17	17	17
20	 	77	77	77
21	 	159	159	159
22	 	6	6	6
23	 	82	82	82
24	 	0	0	0
25	 	45	45	45
26	 	188	188	188
27	 	79	79	79
28	 	3	3	3
29	 	78	78	78
30	 	11	11	11
31	 	0	0	0

04/22/25 09:23:44
LC requested CNC_SAVE_ATC_MAP command

04/22/25 09:23:44
RT wrote Config.sdf File successfully

04/22/25 09:23:45
LC requested CNC_SAVE_ATC_MAP command

04/22/25 09:23:45
LC requested CNC_SAVE_ATC_MAP command

04/22/25 09:23:45
Error: Tool 159 was still in pocket 21.  Had to clear it.
04/22/25 09:23:45
Toolchange: Spindle  changed to tool 159
All ATC maps
Machine: VMX42i XP DS
Next Tool: 	LC: 0
Pockets: 31
Pocket	Lock	UI	SDB	File
0	 	159	159
1	 	9	9	9
2	 	4	4	4
3	 	0	0	0
4	 	68	68	68
5	 	2	2	2
6	 	0	0	0
7	 	173	173	173
8	 	67	67	67
9	 	0	0	0
10	 	62	62	62
11	 	19	19	19
12	 	21	21	21
13	 	10	10	10
14	 	18	18	18
15	 	20	20	20
16	 	14	14	14
17	 	74	74	74
18	 	99	99	99
19	 	17	17	17
20	 	77	77	77
21	 	0	49	159
22	 	6	6	6
23	 	82	82	82
24	 	0	0	0
25	 	45	45	45
26	 	188	188	188
27	 	79	79	79
28	 	3	3	3
29	 	78	78	78
30	 	11	11	11
31	 	0	0	0

04/22/25 09:23:45
Toolchange: Pocket 21 changed to tool 49
All ATC maps
Machine: VMX42i XP DS
Next Tool: 	LC: 0
Pockets: 31
Pocket	Lock	UI	SDB	File
0	 	159	159
1	 	9	9	9
2	 	4	4	4
3	 	0	0	0
4	 	68	68	68
5	 	2	2	2
6	 	0	0	0
7	 	173	173	173
8	 	67	67	67
9	 	0	0	0
10	 	62	62	62
11	 	19	19	19
12	 	21	21	21
13	 	10	10	10
14	 	18	18	18
15	 	20	20	20
16	 	14	14	14
17	 	74	74	74
18	 	99	99	99
19	 	17	17	17
20	 	77	77	77
21	 	49	49	159
22	 	6	6	6
23	 	82	82	82
24	 	0	0	0
25	 	45	45	45
26	 	188	188	188
27	 	79	79	79
28	 	3	3	3
29	 	78	78	78
30	 	11	11	11
31	 	0	0	0

04/22/25 09:23:45
RT wrote Config.sdf File successfully

04/22/25 09:23:45
RT wrote Config.sdf File successfully

04/22/25 09:23:47

@@@ ATC Pocket Home notification

04/22/25 10:42:16
LC requested CNC_SAVE_ATC_MAP command

04/22/25 10:42:16
Toolchange: Spindle  changed to tool 0
All ATC maps
Machine: VMX42i XP DS
Next Tool: 	LC: 0
Pockets: 31
Pocket	Lock	UI	SDB	File
0	 	0	0
1	 	9	9	9
2	 	4	4	4
3	 	0	0	0
4	 	68	68	68
5	 	2	2	2
6	 	0	0	0
7	 	173	173	173
8	 	67	67	67
9	 	0	0	0
10	 	62	62	62
11	 	19	19	19
12	 	21	21	21
13	 	10	10	10
14	 	18	18	18
15	 	20	20	20
16	 	14	14	14
17	 	74	74	74
18	 	99	99	99
19	 	17	17	17
20	 	77	77	77
21	 	49	49	49
22	 	6	6	6
23	 	82	82	82
24	 	0	0	0
25	 	45	45	45
26	 	188	188	188
27	 	79	79	79
28	 	3	3	3
29	 	78	78	78
30	 	11	11	11
31	 	0	0	0

04/22/25 10:42:16
RT wrote Config.sdf File successfully

04/22/25 10:42:17
LC requested CNC_SAVE_ATC_MAP command

04/22/25 10:42:17
LC requested CNC_SAVE_ATC_MAP command

04/22/25 10:42:17
Error: Tool 3 was still in pocket 28.  Had to clear it.
04/22/25 10:42:17
Toolchange: Spindle  changed to tool 3
All ATC maps
Machine: VMX42i XP DS
Next Tool: 	LC: 0
Pockets: 31
Pocket	Lock	UI	SDB	File
0	 	3	3
1	 	9	9	9
2	 	4	4	4
3	 	0	0	0
4	 	68	68	68
5	 	2	2	2
6	 	0	0	0
7	 	173	173	173
8	 	67	67	67
9	 	0	0	0
10	 	62	62	62
11	 	19	19	19
12	 	21	21	21
13	 	10	10	10
14	 	18	18	18
15	 	20	20	20
16	 	14	14	14
17	 	74	74	74
18	 	99	99	99
19	 	17	17	17
20	 	77	77	77
21	 	49	49	49
22	 	6	6	6
23	 	82	82	82
24	 	0	0	0
25	 	45	45	45
26	 	188	188	188
27	 	79	79	79
28	 	0	159	3
29	 	78	78	78
30	 	11	11	11
31	 	0	0	0

04/22/25 10:42:17
Toolchange: Pocket 28 changed to tool 159
All ATC maps
Machine: VMX42i XP DS
Next Tool: 	LC: 0
Pockets: 31
Pocket	Lock	UI	SDB	File
0	 	3	3
1	 	9	9	9
2	 	4	4	4
3	 	0	0	0
4	 	68	68	68
5	 	2	2	2
6	 	0	0	0
7	 	173	173	173
8	 	67	67	67
9	 	0	0	0
10	 	62	62	62
11	 	19	19	19
12	 	21	21	21
13	 	10	10	10
14	 	18	18	18
15	 	20	20	20
16	 	14	14	14
17	 	74	74	74
18	 	99	99	99
19	 	17	17	17
20	 	77	77	77
21	 	49	49	49
22	 	6	6	6
23	 	82	82	82
24	 	0	0	0
25	 	45	45	45
26	 	188	188	188
27	 	79	79	79
28	 	159	159	3
29	 	78	78	78
30	 	11	11	11
31	 	0	0	0

04/22/25 10:42:17
RT wrote Config.sdf File successfully

04/22/25 10:42:17
RT wrote Config.sdf File successfully

04/22/25 10:42:19

@@@ ATC Pocket Home notification

04/22/25 10:42:58
LC requested CNC_SAVE_ATC_MAP command

04/22/25 10:42:58
Toolchange: Spindle  changed to tool 0
All ATC maps
Machine: VMX42i XP DS
Next Tool: 	LC: 0
Pockets: 31
Pocket	Lock	UI	SDB	File
0	 	0	0
1	 	9	9	9
2	 	4	4	4
3	 	0	0	0
4	 	68	68	68
5	 	2	2	2
6	 	0	0	0
7	 	173	173	173
8	 	67	67	67
9	 	0	0	0
10	 	62	62	62
11	 	19	19	19
12	 	21	21	21
13	 	10	10	10
14	 	18	18	18
15	 	20	20	20
16	 	14	14	14
17	 	74	74	74
18	 	99	99	99
19	 	17	17	17
20	 	77	77	77
21	 	49	49	49
22	 	6	6	6
23	 	82	82	82
24	 	0	0	0
25	 	45	45	45
26	 	188	188	188
27	 	79	79	79
28	 	159	159	159
29	 	78	78	78
30	 	11	11	11
31	 	0	0	0

04/22/25 10:42:58
RT wrote Config.sdf File successfully

04/22/25 10:42:59
LC requested CNC_SAVE_ATC_MAP command

04/22/25 10:42:59
LC requested CNC_SAVE_ATC_MAP command

04/22/25 10:42:59
Error: Tool 9 was still in pocket 1.  Had to clear it.
04/22/25 10:42:59
Toolchange: Spindle  changed to tool 9
All ATC maps
Machine: VMX42i XP DS
Next Tool: 	LC: 0
Pockets: 31
Pocket	Lock	UI	SDB	File
0	 	9	9
1	 	0	3	9
2	 	4	4	4
3	 	0	0	0
4	 	68	68	68
5	 	2	2	2
6	 	0	0	0
7	 	173	173	173
8	 	67	67	67
9	 	0	0	0
10	 	62	62	62
11	 	19	19	19
12	 	21	21	21
13	 	10	10	10
14	 	18	18	18
15	 	20	20	20
16	 	14	14	14
17	 	74	74	74
18	 	99	99	99
19	 	17	17	17
20	 	77	77	77
21	 	49	49	49
22	 	6	6	6
23	 	82	82	82
24	 	0	0	0
25	 	45	45	45
26	 	188	188	188
27	 	79	79	79
28	 	159	159	159
29	 	78	78	78
30	 	11	11	11
31	 	0	0	0

04/22/25 10:42:59
Toolchange: Pocket 1 changed to tool 3
All ATC maps
Machine: VMX42i XP DS
Next Tool: 	LC: 0
Pockets: 31
Pocket	Lock	UI	SDB	File
0	 	9	9
1	 	3	3	9
2	 	4	4	4
3	 	0	0	0
4	 	68	68	68
5	 	2	2	2
6	 	0	0	0
7	 	173	173	173
8	 	67	67	67
9	 	0	0	0
10	 	62	62	62
11	 	19	19	19
12	 	21	21	21
13	 	10	10	10
14	 	18	18	18
15	 	20	20	20
16	 	14	14	14
17	 	74	74	74
18	 	99	99	99
19	 	17	17	17
20	 	77	77	77
21	 	49	49	49
22	 	6	6	6
23	 	82	82	82
24	 	0	0	0
25	 	45	45	45
26	 	188	188	188
27	 	79	79	79
28	 	159	159	159
29	 	78	78	78
30	 	11	11	11
31	 	0	0	0

04/22/25 10:42:59
RT wrote Config.sdf File successfully

04/22/25 10:42:59
RT wrote Config.sdf File successfully

04/22/25 10:43:01

@@@ ATC Pocket Home notification

04/22/25 10:48:04
Toolchange: Spindle  changed to tool 0
All ATC maps
Machine: VMX42i XP DS
Next Tool: 	LC: 0
Pockets: 31
Pocket	Lock	UI	SDB	File
0	 	0	9
1	 	3	3	3
2	 	4	4	4
3	 	0	0	0
4	 	68	68	68
5	 	2	2	2
6	 	0	0	0
7	 	173	173	173
8	 	67	67	67
9	 	0	0	0
10	 	62	62	62
11	 	19	19	19
12	 	21	21	21
13	 	10	10	10
14	 	18	18	18
15	 	20	20	20
16	 	14	14	14
17	 	74	74	74
18	 	99	99	99
19	 	17	17	17
20	 	77	77	77
21	 	49	49	49
22	 	6	6	6
23	 	82	82	82
24	 	0	0	0
25	 	45	45	45
26	 	188	188	188
27	 	79	79	79
28	 	159	159	159
29	 	78	78	78
30	 	11	11	11
31	 	0	0	0

04/22/25 10:48:04
LC requested CNC_SAVE_ATC_MAP command

04/22/25 10:48:04
RT wrote Config.sdf File successfully

04/22/25 10:48:05
LC requested CNC_SAVE_ATC_MAP command

04/22/25 10:48:05
LC requested CNC_SAVE_ATC_MAP command

04/22/25 10:48:05
Error: Tool 62 was still in pocket 10.  Had to clear it.
04/22/25 10:48:05
Toolchange: Spindle  changed to tool 62
All ATC maps
Machine: VMX42i XP DS
Next Tool: 	LC: 0
Pockets: 31
Pocket	Lock	UI	SDB	File
0	 	62	62
1	 	3	3	3
2	 	4	4	4
3	 	0	0	0
4	 	68	68	68
5	 	2	2	2
6	 	0	0	0
7	 	173	173	173
8	 	67	67	67
9	 	0	0	0
10	 	0	9	62
11	 	19	19	19
12	 	21	21	21
13	 	10	10	10
14	 	18	18	18
15	 	20	20	20
16	 	14	14	14
17	 	74	74	74
18	 	99	99	99
19	 	17	17	17
20	 	77	77	77
21	 	49	49	49
22	 	6	6	6
23	 	82	82	82
24	 	0	0	0
25	 	45	45	45
26	 	188	188	188
27	 	79	79	79
28	 	159	159	159
29	 	78	78	78
30	 	11	11	11
31	 	0	0	0

04/22/25 10:48:05
Toolchange: Pocket 10 changed to tool 9
All ATC maps
Machine: VMX42i XP DS
Next Tool: 	LC: 0
Pockets: 31
Pocket	Lock	UI	SDB	File
0	 	62	62
1	 	3	3	3
2	 	4	4	4
3	 	0	0	0
4	 	68	68	68
5	 	2	2	2
6	 	0	0	0
7	 	173	173	173
8	 	67	67	67
9	 	0	0	0
10	 	9	9	62
11	 	19	19	19
12	 	21	21	21
13	 	10	10	10
14	 	18	18	18
15	 	20	20	20
16	 	14	14	14
17	 	74	74	74
18	 	99	99	99
19	 	17	17	17
20	 	77	77	77
21	 	49	49	49
22	 	6	6	6
23	 	82	82	82
24	 	0	0	0
25	 	45	45	45
26	 	188	188	188
27	 	79	79	79
28	 	159	159	159
29	 	78	78	78
30	 	11	11	11
31	 	0	0	0

04/22/25 10:48:05
RT wrote Config.sdf File successfully

04/22/25 10:48:05
RT wrote Config.sdf File successfully

04/22/25 10:48:07

@@@ ATC Pocket Home notification

04/22/25 10:48:35
LC requested CNC_SAVE_ATC_MAP command

04/22/25 10:48:35
Toolchange: Spindle  changed to tool 0
All ATC maps
Machine: VMX42i XP DS
Next Tool: 	LC: 0
Pockets: 31
Pocket	Lock	UI	SDB	File
0	 	0	0
1	 	3	3	3
2	 	4	4	4
3	 	0	0	0
4	 	68	68	68
5	 	2	2	2
6	 	0	0	0
7	 	173	173	173
8	 	67	67	67
9	 	0	0	0
10	 	9	9	9
11	 	19	19	19
12	 	21	21	21
13	 	10	10	10
14	 	18	18	18
15	 	20	20	20
16	 	14	14	14
17	 	74	74	74
18	 	99	99	99
19	 	17	17	17
20	 	77	77	77
21	 	49	49	49
22	 	6	6	6
23	 	82	82	82
24	 	0	0	0
25	 	45	45	45
26	 	188	188	188
27	 	79	79	79
28	 	159	159	159
29	 	78	78	78
30	 	11	11	11
31	 	0	0	0

04/22/25 10:48:35
RT wrote Config.sdf File successfully

04/22/25 10:48:36
LC requested CNC_SAVE_ATC_MAP command

04/22/25 10:48:36
LC requested CNC_SAVE_ATC_MAP command

04/22/25 10:48:36
Error: Tool 18 was still in pocket 14.  Had to clear it.
04/22/25 10:48:36
Toolchange: Spindle  changed to tool 18
All ATC maps
Machine: VMX42i XP DS
Next Tool: 	LC: 0
Pockets: 31
Pocket	Lock	UI	SDB	File
0	 	18	18
1	 	3	3	3
2	 	4	4	4
3	 	0	0	0
4	 	68	68	68
5	 	2	2	2
6	 	0	0	0
7	 	173	173	173
8	 	67	67	67
9	 	0	0	0
10	 	9	9	9
11	 	19	19	19
12	 	21	21	21
13	 	10	10	10
14	 	0	62	18
15	 	20	20	20
16	 	14	14	14
17	 	74	74	74
18	 	99	99	99
19	 	17	17	17
20	 	77	77	77
21	 	49	49	49
22	 	6	6	6
23	 	82	82	82
24	 	0	0	0
25	 	45	45	45
26	 	188	188	188
27	 	79	79	79
28	 	159	159	159
29	 	78	78	78
30	 	11	11	11
31	 	0	0	0

04/22/25 10:48:36
Toolchange: Pocket 14 changed to tool 62
All ATC maps
Machine: VMX42i XP DS
Next Tool: 	LC: 0
Pockets: 31
Pocket	Lock	UI	SDB	File
0	 	18	18
1	 	3	3	3
2	 	4	4	4
3	 	0	0	0
4	 	68	68	68
5	 	2	2	2
6	 	0	0	0
7	 	173	173	173
8	 	67	67	67
9	 	0	0	0
10	 	9	9	9
11	 	19	19	19
12	 	21	21	21
13	 	10	10	10
14	 	62	62	18
15	 	20	20	20
16	 	14	14	14
17	 	74	74	74
18	 	99	99	99
19	 	17	17	17
20	 	77	77	77
21	 	49	49	49
22	 	6	6	6
23	 	82	82	82
24	 	0	0	0
25	 	45	45	45
26	 	188	188	188
27	 	79	79	79
28	 	159	159	159
29	 	78	78	78
30	 	11	11	11
31	 	0	0	0

04/22/25 10:48:36
RT wrote Config.sdf File successfully

04/22/25 10:48:36
RT wrote Config.sdf File successfully

04/22/25 10:48:38

@@@ ATC Pocket Home notification

04/22/25 10:49:06
LC requested CNC_SAVE_ATC_MAP command

04/22/25 10:49:06
Toolchange: Spindle  changed to tool 0
All ATC maps
Machine: VMX42i XP DS
Next Tool: 	LC: 0
Pockets: 31
Pocket	Lock	UI	SDB	File
0	 	0	0
1	 	3	3	3
2	 	4	4	4
3	 	0	0	0
4	 	68	68	68
5	 	2	2	2
6	 	0	0	0
7	 	173	173	173
8	 	67	67	67
9	 	0	0	0
10	 	9	9	9
11	 	19	19	19
12	 	21	21	21
13	 	10	10	10
14	 	62	62	62
15	 	20	20	20
16	 	14	14	14
17	 	74	74	74
18	 	99	99	99
19	 	17	17	17
20	 	77	77	77
21	 	49	49	49
22	 	6	6	6
23	 	82	82	82
24	 	0	0	0
25	 	45	45	45
26	 	188	188	188
27	 	79	79	79
28	 	159	159	159
29	 	78	78	78
30	 	11	11	11
31	 	0	0	0

04/22/25 10:49:06
RT wrote Config.sdf File successfully

04/22/25 10:49:07
LC requested CNC_SAVE_ATC_MAP command

04/22/25 10:49:07
LC requested CNC_SAVE_ATC_MAP command

04/22/25 10:49:07
Error: Tool 49 was still in pocket 21.  Had to clear it.
04/22/25 10:49:07
Toolchange: Spindle  changed to tool 49
All ATC maps
Machine: VMX42i XP DS
Next Tool: 	LC: 0
Pockets: 31
Pocket	Lock	UI	SDB	File
0	 	49	49
1	 	3	3	3
2	 	4	4	4
3	 	0	0	0
4	 	68	68	68
5	 	2	2	2
6	 	0	0	0
7	 	173	173	173
8	 	67	67	67
9	 	0	0	0
10	 	9	9	9
11	 	19	19	19
12	 	21	21	21
13	 	10	10	10
14	 	62	62	62
15	 	20	20	20
16	 	14	14	14
17	 	74	74	74
18	 	99	99	99
19	 	17	17	17
20	 	77	77	77
21	 	0	18	49
22	 	6	6	6
23	 	82	82	82
24	 	0	0	0
25	 	45	45	45
26	 	188	188	188
27	 	79	79	79
28	 	159	159	159
29	 	78	78	78
30	 	11	11	11
31	 	0	0	0

04/22/25 10:49:07
Toolchange: Pocket 21 changed to tool 18
All ATC maps
Machine: VMX42i XP DS
Next Tool: 	LC: 0
Pockets: 31
Pocket	Lock	UI	SDB	File
0	 	49	49
1	 	3	3	3
2	 	4	4	4
3	 	0	0	0
4	 	68	68	68
5	 	2	2	2
6	 	0	0	0
7	 	173	173	173
8	 	67	67	67
9	 	0	0	0
10	 	9	9	9
11	 	19	19	19
12	 	21	21	21
13	 	10	10	10
14	 	62	62	62
15	 	20	20	20
16	 	14	14	14
17	 	74	74	74
18	 	99	99	99
19	 	17	17	17
20	 	77	77	77
21	 	18	18	49
22	 	6	6	6
23	 	82	82	82
24	 	0	0	0
25	 	45	45	45
26	 	188	188	188
27	 	79	79	79
28	 	159	159	159
29	 	78	78	78
30	 	11	11	11
31	 	0	0	0

04/22/25 10:49:07
RT wrote Config.sdf File successfully

04/22/25 10:49:07
RT wrote Config.sdf File successfully

04/22/25 10:49:09

@@@ ATC Pocket Home notification

04/22/25 10:49:48
LC requested CNC_SAVE_ATC_MAP command

04/22/25 10:49:48
Toolchange: Spindle  changed to tool 0
All ATC maps
Machine: VMX42i XP DS
Next Tool: 	LC: 0
Pockets: 31
Pocket	Lock	UI	SDB	File
0	 	0	0
1	 	3	3	3
2	 	4	4	4
3	 	0	0	0
4	 	68	68	68
5	 	2	2	2
6	 	0	0	0
7	 	173	173	173
8	 	67	67	67
9	 	0	0	0
10	 	9	9	9
11	 	19	19	19
12	 	21	21	21
13	 	10	10	10
14	 	62	62	62
15	 	20	20	20
16	 	14	14	14
17	 	74	74	74
18	 	99	99	99
19	 	17	17	17
20	 	77	77	77
21	 	18	18	18
22	 	6	6	6
23	 	82	82	82
24	 	0	0	0
25	 	45	45	45
26	 	188	188	188
27	 	79	79	79
28	 	159	159	159
29	 	78	78	78
30	 	11	11	11
31	 	0	0	0

04/22/25 10:49:48
RT wrote Config.sdf File successfully

04/22/25 10:49:48
LC requested CNC_SAVE_ATC_MAP command

04/22/25 10:49:48
Error: Tool 159 was still in pocket 28.  Had to clear it.
04/22/25 10:49:48
Toolchange: Spindle  changed to tool 159
All ATC maps
Machine: VMX42i XP DS
Next Tool: 	LC: 0
Pockets: 31
Pocket	Lock	UI	SDB	File
0	 	159	0
1	 	3	3	3
2	 	4	4	4
3	 	0	0	0
4	 	68	68	68
5	 	2	2	2
6	 	0	0	0
7	 	173	173	173
8	 	67	67	67
9	 	0	0	0
10	 	9	9	9
11	 	19	19	19
12	 	21	21	21
13	 	10	10	10
14	 	62	62	62
15	 	20	20	20
16	 	14	14	14
17	 	74	74	74
18	 	99	99	99
19	 	17	17	17
20	 	77	77	77
21	 	18	18	18
22	 	6	6	6
23	 	82	82	82
24	 	0	0	0
25	 	45	45	45
26	 	188	188	188
27	 	79	79	79
28	 	0	49	159
29	 	78	78	78
30	 	11	11	11
31	 	0	0	0

04/22/25 10:49:48
LC requested CNC_SAVE_ATC_MAP command

04/22/25 10:49:48
Toolchange: Pocket 28 changed to tool 49
All ATC maps
Machine: VMX42i XP DS
Next Tool: 	LC: 0
Pockets: 31
Pocket	Lock	UI	SDB	File
0	 	159	159
1	 	3	3	3
2	 	4	4	4
3	 	0	0	0
4	 	68	68	68
5	 	2	2	2
6	 	0	0	0
7	 	173	173	173
8	 	67	67	67
9	 	0	0	0
10	 	9	9	9
11	 	19	19	19
12	 	21	21	21
13	 	10	10	10
14	 	62	62	62
15	 	20	20	20
16	 	14	14	14
17	 	74	74	74
18	 	99	99	99
19	 	17	17	17
20	 	77	77	77
21	 	18	18	18
22	 	6	6	6
23	 	82	82	82
24	 	0	0	0
25	 	45	45	45
26	 	188	188	188
27	 	79	79	79
28	 	49	49	159
29	 	78	78	78
30	 	11	11	11
31	 	0	0	0

04/22/25 10:49:49
RT wrote Config.sdf File successfully

04/22/25 10:49:49
RT wrote Config.sdf File successfully

04/22/25 10:49:50

@@@ ATC Pocket Home notification

04/22/25 12:10:01
LC requested CNC_SAVE_ATC_MAP command

04/22/25 12:10:01
Toolchange: Spindle  changed to tool 0
All ATC maps
Machine: VMX42i XP DS
Next Tool: 	LC: 0
Pockets: 31
Pocket	Lock	UI	SDB	File
0	 	0	0
1	 	3	3	3
2	 	4	4	4
3	 	0	0	0
4	 	68	68	68
5	 	2	2	2
6	 	0	0	0
7	 	173	173	173
8	 	67	67	67
9	 	0	0	0
10	 	9	9	9
11	 	19	19	19
12	 	21	21	21
13	 	10	10	10
14	 	62	62	62
15	 	20	20	20
16	 	14	14	14
17	 	74	74	74
18	 	99	99	99
19	 	17	17	17
20	 	77	77	77
21	 	18	18	18
22	 	6	6	6
23	 	82	82	82
24	 	0	0	0
25	 	45	45	45
26	 	188	188	188
27	 	79	79	79
28	 	49	49	49
29	 	78	78	78
30	 	11	11	11
31	 	0	0	0

04/22/25 12:10:02
RT wrote Config.sdf File successfully

04/22/25 12:10:02
LC requested CNC_SAVE_ATC_MAP command

04/22/25 12:10:02
LC requested CNC_SAVE_ATC_MAP command

04/22/25 12:10:02
Error: Tool 3 was still in pocket 1.  Had to clear it.
04/22/25 12:10:02
Toolchange: Spindle  changed to tool 3
All ATC maps
Machine: VMX42i XP DS
Next Tool: 	LC: 0
Pockets: 31
Pocket	Lock	UI	SDB	File
0	 	3	3
1	 	0	159	3
2	 	4	4	4
3	 	0	0	0
4	 	68	68	68
5	 	2	2	2
6	 	0	0	0
7	 	173	173	173
8	 	67	67	67
9	 	0	0	0
10	 	9	9	9
11	 	19	19	19
12	 	21	21	21
13	 	10	10	10
14	 	62	62	62
15	 	20	20	20
16	 	14	14	14
17	 	74	74	74
18	 	99	99	99
19	 	17	17	17
20	 	77	77	77
21	 	18	18	18
22	 	6	6	6
23	 	82	82	82
24	 	0	0	0
25	 	45	45	45
26	 	188	188	188
27	 	79	79	79
28	 	49	49	49
29	 	78	78	78
30	 	11	11	11
31	 	0	0	0

04/22/25 12:10:02
Toolchange: Pocket 1 changed to tool 159
All ATC maps
Machine: VMX42i XP DS
Next Tool: 	LC: 0
Pockets: 31
Pocket	Lock	UI	SDB	File
0	 	3	3
1	 	159	159	3
2	 	4	4	4
3	 	0	0	0
4	 	68	68	68
5	 	2	2	2
6	 	0	0	0
7	 	173	173	173
8	 	67	67	67
9	 	0	0	0
10	 	9	9	9
11	 	19	19	19
12	 	21	21	21
13	 	10	10	10
14	 	62	62	62
15	 	20	20	20
16	 	14	14	14
17	 	74	74	74
18	 	99	99	99
19	 	17	17	17
20	 	77	77	77
21	 	18	18	18
22	 	6	6	6
23	 	82	82	82
24	 	0	0	0
25	 	45	45	45
26	 	188	188	188
27	 	79	79	79
28	 	49	49	49
29	 	78	78	78
30	 	11	11	11
31	 	0	0	0

04/22/25 12:10:02
RT wrote Config.sdf File successfully

04/22/25 12:10:02
RT wrote Config.sdf File successfully

04/22/25 12:10:04

@@@ ATC Pocket Home notification

04/22/25 12:10:43
Toolchange: Spindle  changed to tool 0
All ATC maps
Machine: VMX42i XP DS
Next Tool: 	LC: 0
Pockets: 31
Pocket	Lock	UI	SDB	File
0	 	0	3
1	 	159	159	159
2	 	4	4	4
3	 	0	0	0
4	 	68	68	68
5	 	2	2	2
6	 	0	0	0
7	 	173	173	173
8	 	67	67	67
9	 	0	0	0
10	 	9	9	9
11	 	19	19	19
12	 	21	21	21
13	 	10	10	10
14	 	62	62	62
15	 	20	20	20
16	 	14	14	14
17	 	74	74	74
18	 	99	99	99
19	 	17	17	17
20	 	77	77	77
21	 	18	18	18
22	 	6	6	6
23	 	82	82	82
24	 	0	0	0
25	 	45	45	45
26	 	188	188	188
27	 	79	79	79
28	 	49	49	49
29	 	78	78	78
30	 	11	11	11
31	 	0	0	0

04/22/25 12:10:43
LC requested CNC_SAVE_ATC_MAP command

04/22/25 12:10:43
RT wrote Config.sdf File successfully

04/22/25 12:10:44
LC requested CNC_SAVE_ATC_MAP command

04/22/25 12:10:44
LC requested CNC_SAVE_ATC_MAP command

04/22/25 12:10:44
Error: Tool 9 was still in pocket 10.  Had to clear it.
04/22/25 12:10:44
Toolchange: Spindle  changed to tool 9
All ATC maps
Machine: VMX42i XP DS
Next Tool: 	LC: 0
Pockets: 31
Pocket	Lock	UI	SDB	File
0	 	9	9
1	 	159	159	159
2	 	4	4	4
3	 	0	0	0
4	 	68	68	68
5	 	2	2	2
6	 	0	0	0
7	 	173	173	173
8	 	67	67	67
9	 	0	0	0
10	 	0	3	9
11	 	19	19	19
12	 	21	21	21
13	 	10	10	10
14	 	62	62	62
15	 	20	20	20
16	 	14	14	14
17	 	74	74	74
18	 	99	99	99
19	 	17	17	17
20	 	77	77	77
21	 	18	18	18
22	 	6	6	6
23	 	82	82	82
24	 	0	0	0
25	 	45	45	45
26	 	188	188	188
27	 	79	79	79
28	 	49	49	49
29	 	78	78	78
30	 	11	11	11
31	 	0	0	0

04/22/25 12:10:44
Toolchange: Pocket 10 changed to tool 3
All ATC maps
Machine: VMX42i XP DS
Next Tool: 	LC: 0
Pockets: 31
Pocket	Lock	UI	SDB	File
0	 	9	9
1	 	159	159	159
2	 	4	4	4
3	 	0	0	0
4	 	68	68	68
5	 	2	2	2
6	 	0	0	0
7	 	173	173	173
8	 	67	67	67
9	 	0	0	0
10	 	3	3	9
11	 	19	19	19
12	 	21	21	21
13	 	10	10	10
14	 	62	62	62
15	 	20	20	20
16	 	14	14	14
17	 	74	74	74
18	 	99	99	99
19	 	17	17	17
20	 	77	77	77
21	 	18	18	18
22	 	6	6	6
23	 	82	82	82
24	 	0	0	0
25	 	45	45	45
26	 	188	188	188
27	 	79	79	79
28	 	49	49	49
29	 	78	78	78
30	 	11	11	11
31	 	0	0	0

04/22/25 12:10:44
RT wrote Config.sdf File successfully

04/22/25 12:10:44
RT wrote Config.sdf File successfully

04/22/25 12:10:46

@@@ ATC Pocket Home notification

04/22/25 12:15:49
Toolchange: Spindle  changed to tool 0
All ATC maps
Machine: VMX42i XP DS
Next Tool: 	LC: 0
Pockets: 31
Pocket	Lock	UI	SDB	File
0	 	0	9
1	 	159	159	159
2	 	4	4	4
3	 	0	0	0
4	 	68	68	68
5	 	2	2	2
6	 	0	0	0
7	 	173	173	173
8	 	67	67	67
9	 	0	0	0
10	 	3	3	3
11	 	19	19	19
12	 	21	21	21
13	 	10	10	10
14	 	62	62	62
15	 	20	20	20
16	 	14	14	14
17	 	74	74	74
18	 	99	99	99
19	 	17	17	17
20	 	77	77	77
21	 	18	18	18
22	 	6	6	6
23	 	82	82	82
24	 	0	0	0
25	 	45	45	45
26	 	188	188	188
27	 	79	79	79
28	 	49	49	49
29	 	78	78	78
30	 	11	11	11
31	 	0	0	0

04/22/25 12:15:49
LC requested CNC_SAVE_ATC_MAP command

04/22/25 12:15:49
RT wrote Config.sdf File successfully

04/22/25 12:15:50
LC requested CNC_SAVE_ATC_MAP command

04/22/25 12:15:50
LC requested CNC_SAVE_ATC_MAP command

04/22/25 12:15:50
Error: Tool 62 was still in pocket 14.  Had to clear it.
04/22/25 12:15:50
Toolchange: Spindle  changed to tool 62
All ATC maps
Machine: VMX42i XP DS
Next Tool: 	LC: 0
Pockets: 31
Pocket	Lock	UI	SDB	File
0	 	62	62
1	 	159	159	159
2	 	4	4	4
3	 	0	0	0
4	 	68	68	68
5	 	2	2	2
6	 	0	0	0
7	 	173	173	173
8	 	67	67	67
9	 	0	0	0
10	 	3	3	3
11	 	19	19	19
12	 	21	21	21
13	 	10	10	10
14	 	0	9	62
15	 	20	20	20
16	 	14	14	14
17	 	74	74	74
18	 	99	99	99
19	 	17	17	17
20	 	77	77	77
21	 	18	18	18
22	 	6	6	6
23	 	82	82	82
24	 	0	0	0
25	 	45	45	45
26	 	188	188	188
27	 	79	79	79
28	 	49	49	49
29	 	78	78	78
30	 	11	11	11
31	 	0	0	0

04/22/25 12:15:50
Toolchange: Pocket 14 changed to tool 9
All ATC maps
Machine: VMX42i XP DS
Next Tool: 	LC: 0
Pockets: 31
Pocket	Lock	UI	SDB	File
0	 	62	62
1	 	159	159	159
2	 	4	4	4
3	 	0	0	0
4	 	68	68	68
5	 	2	2	2
6	 	0	0	0
7	 	173	173	173
8	 	67	67	67
9	 	0	0	0
10	 	3	3	3
11	 	19	19	19
12	 	21	21	21
13	 	10	10	10
14	 	9	9	62
15	 	20	20	20
16	 	14	14	14
17	 	74	74	74
18	 	99	99	99
19	 	17	17	17
20	 	77	77	77
21	 	18	18	18
22	 	6	6	6
23	 	82	82	82
24	 	0	0	0
25	 	45	45	45
26	 	188	188	188
27	 	79	79	79
28	 	49	49	49
29	 	78	78	78
30	 	11	11	11
31	 	0	0	0

04/22/25 12:15:50
RT wrote Config.sdf File successfully

04/22/25 12:15:50
RT wrote Config.sdf File successfully

04/22/25 12:15:51

@@@ ATC Pocket Home notification

04/22/25 12:16:20
LC requested CNC_SAVE_ATC_MAP command

04/22/25 12:16:20
Toolchange: Spindle  changed to tool 0
All ATC maps
Machine: VMX42i XP DS
Next Tool: 	LC: 0
Pockets: 31
Pocket	Lock	UI	SDB	File
0	 	0	0
1	 	159	159	159
2	 	4	4	4
3	 	0	0	0
4	 	68	68	68
5	 	2	2	2
6	 	0	0	0
7	 	173	173	173
8	 	67	67	67
9	 	0	0	0
10	 	3	3	3
11	 	19	19	19
12	 	21	21	21
13	 	10	10	10
14	 	9	9	9
15	 	20	20	20
16	 	14	14	14
17	 	74	74	74
18	 	99	99	99
19	 	17	17	17
20	 	77	77	77
21	 	18	18	18
22	 	6	6	6
23	 	82	82	82
24	 	0	0	0
25	 	45	45	45
26	 	188	188	188
27	 	79	79	79
28	 	49	49	49
29	 	78	78	78
30	 	11	11	11
31	 	0	0	0

04/22/25 12:16:20
RT wrote Config.sdf File successfully

04/22/25 12:16:20
LC requested CNC_SAVE_ATC_MAP command

04/22/25 12:16:20
Error: Tool 18 was still in pocket 21.  Had to clear it.
04/22/25 12:16:20
Toolchange: Spindle  changed to tool 18
All ATC maps
Machine: VMX42i XP DS
Next Tool: 	LC: 0
Pockets: 31
Pocket	Lock	UI	SDB	File
0	 	18	0
1	 	159	159	159
2	 	4	4	4
3	 	0	0	0
4	 	68	68	68
5	 	2	2	2
6	 	0	0	0
7	 	173	173	173
8	 	67	67	67
9	 	0	0	0
10	 	3	3	3
11	 	19	19	19
12	 	21	21	21
13	 	10	10	10
14	 	9	9	9
15	 	20	20	20
16	 	14	14	14
17	 	74	74	74
18	 	99	99	99
19	 	17	17	17
20	 	77	77	77
21	 	0	62	18
22	 	6	6	6
23	 	82	82	82
24	 	0	0	0
25	 	45	45	45
26	 	188	188	188
27	 	79	79	79
28	 	49	49	49
29	 	78	78	78
30	 	11	11	11
31	 	0	0	0

04/22/25 12:16:20
Toolchange: Pocket 21 changed to tool 62
All ATC maps
Machine: VMX42i XP DS
Next Tool: 	LC: 0
Pockets: 31
Pocket	Lock	UI	SDB	File
0	 	18	0
1	 	159	159	159
2	 	4	4	4
3	 	0	0	0
4	 	68	68	68
5	 	2	2	2
6	 	0	0	0
7	 	173	173	173
8	 	67	67	67
9	 	0	0	0
10	 	3	3	3
11	 	19	19	19
12	 	21	21	21
13	 	10	10	10
14	 	9	9	9
15	 	20	20	20
16	 	14	14	14
17	 	74	74	74
18	 	99	99	99
19	 	17	17	17
20	 	77	77	77
21	 	62	62	18
22	 	6	6	6
23	 	82	82	82
24	 	0	0	0
25	 	45	45	45
26	 	188	188	188
27	 	79	79	79
28	 	49	49	49
29	 	78	78	78
30	 	11	11	11
31	 	0	0	0

04/22/25 12:16:20
LC requested CNC_SAVE_ATC_MAP command

04/22/25 12:16:21
RT wrote Config.sdf File successfully

04/22/25 12:16:21
RT wrote Config.sdf File successfully

04/22/25 12:16:22

@@@ ATC Pocket Home notification

04/22/25 12:16:51
LC requested CNC_SAVE_ATC_MAP command

04/22/25 12:16:51
Toolchange: Spindle  changed to tool 0
All ATC maps
Machine: VMX42i XP DS
Next Tool: 	LC: 0
Pockets: 31
Pocket	Lock	UI	SDB	File
0	 	0	0
1	 	159	159	159
2	 	4	4	4
3	 	0	0	0
4	 	68	68	68
5	 	2	2	2
6	 	0	0	0
7	 	173	173	173
8	 	67	67	67
9	 	0	0	0
10	 	3	3	3
11	 	19	19	19
12	 	21	21	21
13	 	10	10	10
14	 	9	9	9
15	 	20	20	20
16	 	14	14	14
17	 	74	74	74
18	 	99	99	99
19	 	17	17	17
20	 	77	77	77
21	 	62	62	62
22	 	6	6	6
23	 	82	82	82
24	 	0	0	0
25	 	45	45	45
26	 	188	188	188
27	 	79	79	79
28	 	49	49	49
29	 	78	78	78
30	 	11	11	11
31	 	0	0	0

04/22/25 12:16:51
RT wrote Config.sdf File successfully

04/22/25 12:16:51
LC requested CNC_SAVE_ATC_MAP command

04/22/25 12:16:51
LC requested CNC_SAVE_ATC_MAP command

04/22/25 12:16:52
Error: Tool 49 was still in pocket 28.  Had to clear it.
04/22/25 12:16:52
Toolchange: Spindle  changed to tool 49
All ATC maps
Machine: VMX42i XP DS
Next Tool: 	LC: 0
Pockets: 31
Pocket	Lock	UI	SDB	File
0	 	49	49
1	 	159	159	159
2	 	4	4	4
3	 	0	0	0
4	 	68	68	68
5	 	2	2	2
6	 	0	0	0
7	 	173	173	173
8	 	67	67	67
9	 	0	0	0
10	 	3	3	3
11	 	19	19	19
12	 	21	21	21
13	 	10	10	10
14	 	9	9	9
15	 	20	20	20
16	 	14	14	14
17	 	74	74	74
18	 	99	99	99
19	 	17	17	17
20	 	77	77	77
21	 	62	62	62
22	 	6	6	6
23	 	82	82	82
24	 	0	0	0
25	 	45	45	45
26	 	188	188	188
27	 	79	79	79
28	 	0	18	49
29	 	78	78	78
30	 	11	11	11
31	 	0	0	0

04/22/25 12:16:52
Toolchange: Pocket 28 changed to tool 18
All ATC maps
Machine: VMX42i XP DS
Next Tool: 	LC: 0
Pockets: 31
Pocket	Lock	UI	SDB	File
0	 	49	49
1	 	159	159	159
2	 	4	4	4
3	 	0	0	0
4	 	68	68	68
5	 	2	2	2
6	 	0	0	0
7	 	173	173	173
8	 	67	67	67
9	 	0	0	0
10	 	3	3	3
11	 	19	19	19
12	 	21	21	21
13	 	10	10	10
14	 	9	9	9
15	 	20	20	20
16	 	14	14	14
17	 	74	74	74
18	 	99	99	99
19	 	17	17	17
20	 	77	77	77
21	 	62	62	62
22	 	6	6	6
23	 	82	82	82
24	 	0	0	0
25	 	45	45	45
26	 	188	188	188
27	 	79	79	79
28	 	18	18	49
29	 	78	78	78
30	 	11	11	11
31	 	0	0	0

04/22/25 12:16:52
RT wrote Config.sdf File successfully

04/22/25 12:16:52
RT wrote Config.sdf File successfully

04/22/25 12:16:53

@@@ ATC Pocket Home notification

04/22/25 12:17:32
LC requested CNC_SAVE_ATC_MAP command

04/22/25 12:17:32
Toolchange: Spindle  changed to tool 0
All ATC maps
Machine: VMX42i XP DS
Next Tool: 	LC: 0
Pockets: 31
Pocket	Lock	UI	SDB	File
0	 	0	0
1	 	159	159	159
2	 	4	4	4
3	 	0	0	0
4	 	68	68	68
5	 	2	2	2
6	 	0	0	0
7	 	173	173	173
8	 	67	67	67
9	 	0	0	0
10	 	3	3	3
11	 	19	19	19
12	 	21	21	21
13	 	10	10	10
14	 	9	9	9
15	 	20	20	20
16	 	14	14	14
17	 	74	74	74
18	 	99	99	99
19	 	17	17	17
20	 	77	77	77
21	 	62	62	62
22	 	6	6	6
23	 	82	82	82
24	 	0	0	0
25	 	45	45	45
26	 	188	188	188
27	 	79	79	79
28	 	18	18	18
29	 	78	78	78
30	 	11	11	11
31	 	0	0	0

04/22/25 12:17:33
RT wrote Config.sdf File successfully

04/22/25 12:17:33
LC requested CNC_SAVE_ATC_MAP command

04/22/25 12:17:33
LC requested CNC_SAVE_ATC_MAP command

04/22/25 12:17:33
Error: Tool 159 was still in pocket 1.  Had to clear it.
04/22/25 12:17:33
Toolchange: Spindle  changed to tool 159
All ATC maps
Machine: VMX42i XP DS
Next Tool: 	LC: 0
Pockets: 31
Pocket	Lock	UI	SDB	File
0	 	159	159
1	 	0	49	159
2	 	4	4	4
3	 	0	0	0
4	 	68	68	68
5	 	2	2	2
6	 	0	0	0
7	 	173	173	173
8	 	67	67	67
9	 	0	0	0
10	 	3	3	3
11	 	19	19	19
12	 	21	21	21
13	 	10	10	10
14	 	9	9	9
15	 	20	20	20
16	 	14	14	14
17	 	74	74	74
18	 	99	99	99
19	 	17	17	17
20	 	77	77	77
21	 	62	62	62
22	 	6	6	6
23	 	82	82	82
24	 	0	0	0
25	 	45	45	45
26	 	188	188	188
27	 	79	79	79
28	 	18	18	18
29	 	78	78	78
30	 	11	11	11
31	 	0	0	0

04/22/25 12:17:33
Toolchange: Pocket 1 changed to tool 49
All ATC maps
Machine: VMX42i XP DS
Next Tool: 	LC: 0
Pockets: 31
Pocket	Lock	UI	SDB	File
0	 	159	159
1	 	49	49	159
2	 	4	4	4
3	 	0	0	0
4	 	68	68	68
5	 	2	2	2
6	 	0	0	0
7	 	173	173	173
8	 	67	67	67
9	 	0	0	0
10	 	3	3	3
11	 	19	19	19
12	 	21	21	21
13	 	10	10	10
14	 	9	9	9
15	 	20	20	20
16	 	14	14	14
17	 	74	74	74
18	 	99	99	99
19	 	17	17	17
20	 	77	77	77
21	 	62	62	62
22	 	6	6	6
23	 	82	82	82
24	 	0	0	0
25	 	45	45	45
26	 	188	188	188
27	 	79	79	79
28	 	18	18	18
29	 	78	78	78
30	 	11	11	11
31	 	0	0	0

04/22/25 12:17:33
RT wrote Config.sdf File successfully

04/22/25 12:17:33
RT wrote Config.sdf File successfully

04/22/25 12:17:35

@@@ ATC Pocket Home notification

04/22/25 13:44:50
Next tool changed to 78

04/22/25 13:45:03
LC requested CNC_SAVE_ATC_MAP command

04/22/25 13:45:03
LC requested CNC_SAVE_ATC_MAP command

04/22/25 13:45:03
Toolchange: Spindle  changed to tool 0
All ATC maps
Machine: VMX42i XP DS
Next Tool: 	LC: 78
Pockets: 31
Pocket	Lock	UI	SDB	File
0	 	0	0
1	 	49	49	49
2	 	4	4	4
3	 	0	0	0
4	 	68	68	68
5	 	2	2	2
6	 	0	0	0
7	 	173	173	173
8	 	67	67	67
9	 	0	0	0
10	 	3	3	3
11	 	19	19	19
12	 	21	21	21
13	 	10	10	10
14	 	9	9	9
15	 	20	20	20
16	 	14	14	14
17	 	74	74	74
18	 	99	99	99
19	 	17	17	17
20	 	77	77	77
21	 	62	62	62
22	 	6	6	6
23	 	82	82	82
24	 	0	0	0
25	 	45	45	45
26	 	188	188	188
27	 	79	79	79
28	 	18	18	18
29	 	78	0	78
30	 	11	11	11
31	 	0	0	0

04/22/25 13:45:03
Toolchange: Pocket 29 changed to tool 0
All ATC maps
Machine: VMX42i XP DS
Next Tool: 	LC: 78
Pockets: 31
Pocket	Lock	UI	SDB	File
0	 	0	0
1	 	49	49	49
2	 	4	4	4
3	 	0	0	0
4	 	68	68	68
5	 	2	2	2
6	 	0	0	0
7	 	173	173	173
8	 	67	67	67
9	 	0	0	0
10	 	3	3	3
11	 	19	19	19
12	 	21	21	21
13	 	10	10	10
14	 	9	9	9
15	 	20	20	20
16	 	14	14	14
17	 	74	74	74
18	 	99	99	99
19	 	17	17	17
20	 	77	77	77
21	 	62	62	62
22	 	6	6	6
23	 	82	82	82
24	 	0	0	0
25	 	45	45	45
26	 	188	188	188
27	 	79	79	79
28	 	18	18	18
29	 	0	0	78
30	 	11	11	11
31	 	0	0	0

04/22/25 13:45:03
RT wrote Config.sdf File successfully

04/22/25 13:45:03
RT wrote Config.sdf File successfully

04/22/25 13:45:04
LC requested CNC_SAVE_ATC_MAP command

04/22/25 13:45:04
LC requested CNC_SAVE_ATC_MAP command

04/22/25 13:45:04
Toolchange: Spindle  changed to tool 78
All ATC maps
Machine: VMX42i XP DS
Next Tool: 	LC: 78
Pockets: 31
Pocket	Lock	UI	SDB	File
0	 	78	78
1	 	49	49	49
2	 	4	4	4
3	 	0	0	0
4	 	68	68	68
5	 	2	2	2
6	 	0	0	0
7	 	173	173	173
8	 	67	67	67
9	 	0	0	0
10	 	3	3	3
11	 	19	19	19
12	 	21	21	21
13	 	10	10	10
14	 	9	9	9
15	 	20	20	20
16	 	14	14	14
17	 	74	74	74
18	 	99	99	99
19	 	17	17	17
20	 	77	77	77
21	 	62	62	62
22	 	6	6	6
23	 	82	82	82
24	 	0	0	0
25	 	45	45	45
26	 	188	188	188
27	 	79	79	79
28	 	18	18	18
29	 	0	159	0
30	 	11	11	11
31	 	0	0	0

04/22/25 13:45:04
Toolchange: Pocket 29 changed to tool 159
All ATC maps
Machine: VMX42i XP DS
Next Tool: 	LC: 78
Pockets: 31
Pocket	Lock	UI	SDB	File
0	 	78	78
1	 	49	49	49
2	 	4	4	4
3	 	0	0	0
4	 	68	68	68
5	 	2	2	2
6	 	0	0	0
7	 	173	173	173
8	 	67	67	67
9	 	0	0	0
10	 	3	3	3
11	 	19	19	19
12	 	21	21	21
13	 	10	10	10
14	 	9	9	9
15	 	20	20	20
16	 	14	14	14
17	 	74	74	74
18	 	99	99	99
19	 	17	17	17
20	 	77	77	77
21	 	62	62	62
22	 	6	6	6
23	 	82	82	82
24	 	0	0	0
25	 	45	45	45
26	 	188	188	188
27	 	79	79	79
28	 	18	18	18
29	 	159	159	0
30	 	11	11	11
31	 	0	0	0

04/22/25 13:45:04
RT wrote Config.sdf File successfully

04/22/25 13:45:04
RT wrote Config.sdf File successfully

04/22/25 13:45:06

@@@ ATC Pocket Home notification

04/22/25 13:45:19
LC requested CNC_SAVE_ATC_MAP command

04/22/25 13:45:19
Tool in Spindle status changed to Manual.

04/22/25 13:45:19
RT wrote Config.sdf File successfully

04/22/25 13:45:23
LC requested CNC_SAVE_ATC_MAP command

04/22/25 13:45:23
Toolchange: Spindle  changed to tool 0
All ATC maps
Machine: VMX42i XP DS
Next Tool: 	LC: 78
Pockets: 31
Pocket	Lock	UI	SDB	File
0	 	0	0
1	 	49	49	49
2	 	4	4	4
3	 	0	0	0
4	 	68	68	68
5	 	2	2	2
6	 	0	0	0
7	 	173	173	173
8	 	67	67	67
9	 	0	0	0
10	 	3	3	3
11	 	19	19	19
12	 	21	21	21
13	 	10	10	10
14	 	9	9	9
15	 	20	20	20
16	 	14	14	14
17	 	74	74	74
18	 	99	99	99
19	 	17	17	17
20	 	77	77	77
21	 	62	62	62
22	 	6	6	6
23	 	82	82	82
24	 	0	0	0
25	 	45	45	45
26	 	188	188	188
27	 	79	79	79
28	 	18	18	18
29	 	159	159	159
30	 	11	11	11
31	 	0	0	0

04/22/25 13:45:23
RT wrote Config.sdf File successfully

04/22/25 13:45:40
LC requested CNC_SAVE_ATC_MAP command

04/22/25 13:45:40
Tool in Spindle status changed to Auto.

04/22/25 13:45:40
RT wrote Config.sdf File successfully

04/22/25 13:48:59
Next tool changed to 112

04/22/25 13:49:07
LC requested CNC_SAVE_ATC_MAP command

04/22/25 13:49:07
Toolchange: Spindle  changed to tool 112
All ATC maps
Machine: VMX42i XP DS
Next Tool: 	LC: 112
Pockets: 31
Pocket	Lock	UI	SDB	File
0	 	112	112
1	 	49	49	49
2	 	4	4	4
3	 	0	0	0
4	 	68	68	68
5	 	2	2	2
6	 	0	0	0
7	 	173	173	173
8	 	67	67	67
9	 	0	0	0
10	 	3	3	3
11	 	19	19	19
12	 	21	21	21
13	 	10	10	10
14	 	9	9	9
15	 	20	20	20
16	 	14	14	14
17	 	74	74	74
18	 	99	99	99
19	 	17	17	17
20	 	77	77	77
21	 	62	62	62
22	 	6	6	6
23	 	82	82	82
24	 	0	0	0
25	 	45	45	45
26	 	188	188	188
27	 	79	79	79
28	 	18	18	18
29	 	159	159	159
30	 	11	11	11
31	 	0	0	0

04/22/25 13:49:07
RT wrote Config.sdf File successfully

04/22/25 13:49:09
LC requested CNC_SAVE_ATC_MAP command

04/22/25 13:49:09
Tool in Spindle status changed to Manual.

04/22/25 13:49:10
RT wrote Config.sdf File successfully

04/22/25 13:49:12
LC requested CNC_SAVE_ATC_MAP command

04/22/25 13:49:12
Tool in Spindle status changed to Auto.

04/22/25 13:49:12
RT wrote Config.sdf File successfully

04/22/25 13:50:41
Next tool changed to 20

04/22/25 13:58:57
Next tool changed to 112

04/22/25 13:58:59
Next tool changed to 20

04/22/25 13:59:15
LC requested CNC_SAVE_ATC_MAP command

04/22/25 13:59:15
LC requested CNC_SAVE_ATC_MAP command

04/22/25 13:59:15
Toolchange: Spindle  changed to tool 0
All ATC maps
Machine: VMX42i XP DS
Next Tool: 	LC: 20
Pockets: 31
Pocket	Lock	UI	SDB	File
0	 	0	0
1	 	49	49	49
2	 	4	4	4
3	 	0	0	0
4	 	68	68	68
5	 	2	2	2
6	 	0	0	0
7	 	173	173	173
8	 	67	67	67
9	 	0	0	0
10	 	3	3	3
11	 	19	19	19
12	 	21	21	21
13	 	10	10	10
14	 	9	9	9
15	 	20	0	20
16	 	14	14	14
17	 	74	74	74
18	 	99	99	99
19	 	17	17	17
20	 	77	77	77
21	 	62	62	62
22	 	6	6	6
23	 	82	82	82
24	 	0	0	0
25	 	45	45	45
26	 	188	188	188
27	 	79	79	79
28	 	18	18	18
29	 	159	159	159
30	 	11	11	11
31	 	0	0	0

04/22/25 13:59:15
Toolchange: Pocket 15 changed to tool 0
All ATC maps
Machine: VMX42i XP DS
Next Tool: 	LC: 20
Pockets: 31
Pocket	Lock	UI	SDB	File
0	 	0	0
1	 	49	49	49
2	 	4	4	4
3	 	0	0	0
4	 	68	68	68
5	 	2	2	2
6	 	0	0	0
7	 	173	173	173
8	 	67	67	67
9	 	0	0	0
10	 	3	3	3
11	 	19	19	19
12	 	21	21	21
13	 	10	10	10
14	 	9	9	9
15	 	0	0	20
16	 	14	14	14
17	 	74	74	74
18	 	99	99	99
19	 	17	17	17
20	 	77	77	77
21	 	62	62	62
22	 	6	6	6
23	 	82	82	82
24	 	0	0	0
25	 	45	45	45
26	 	188	188	188
27	 	79	79	79
28	 	18	18	18
29	 	159	159	159
30	 	11	11	11
31	 	0	0	0

04/22/25 13:59:15
RT wrote Config.sdf File successfully

04/22/25 13:59:15
RT wrote Config.sdf File successfully

04/22/25 13:59:16
LC requested CNC_SAVE_ATC_MAP command

04/22/25 13:59:16
LC requested CNC_SAVE_ATC_MAP command

04/22/25 13:59:16
Toolchange: Spindle  changed to tool 20
All ATC maps
Machine: VMX42i XP DS
Next Tool: 	LC: 20
Pockets: 31
Pocket	Lock	UI	SDB	File
0	 	20	20
1	 	49	49	49
2	 	4	4	4
3	 	0	0	0
4	 	68	68	68
5	 	2	2	2
6	 	0	0	0
7	 	173	173	173
8	 	67	67	67
9	 	0	0	0
10	 	3	3	3
11	 	19	19	19
12	 	21	21	21
13	 	10	10	10
14	 	9	9	9
15	 	0	112	0
16	 	14	14	14
17	 	74	74	74
18	 	99	99	99
19	 	17	17	17
20	 	77	77	77
21	 	62	62	62
22	 	6	6	6
23	 	82	82	82
24	 	0	0	0
25	 	45	45	45
26	 	188	188	188
27	 	79	79	79
28	 	18	18	18
29	 	159	159	159
30	 	11	11	11
31	 	0	0	0

04/22/25 13:59:16
Toolchange: Pocket 15 changed to tool 112
All ATC maps
Machine: VMX42i XP DS
Next Tool: 	LC: 20
Pockets: 31
Pocket	Lock	UI	SDB	File
0	 	20	20
1	 	49	49	49
2	 	4	4	4
3	 	0	0	0
4	 	68	68	68
5	 	2	2	2
6	 	0	0	0
7	 	173	173	173
8	 	67	67	67
9	 	0	0	0
10	 	3	3	3
11	 	19	19	19
12	 	21	21	21
13	 	10	10	10
14	 	9	9	9
15	 	112	112	0
16	 	14	14	14
17	 	74	74	74
18	 	99	99	99
19	 	17	17	17
20	 	77	77	77
21	 	62	62	62
22	 	6	6	6
23	 	82	82	82
24	 	0	0	0
25	 	45	45	45
26	 	188	188	188
27	 	79	79	79
28	 	18	18	18
29	 	159	159	159
30	 	11	11	11
31	 	0	0	0

04/22/25 13:59:16
RT wrote Config.sdf File successfully

04/22/25 13:59:16
RT wrote Config.sdf File successfully

04/22/25 13:59:17

@@@ ATC Pocket Home notification

04/22/25 14:00:17
LC requested CNC_SAVE_ATC_MAP command

04/22/25 14:00:17
Toolchange: Spindle  changed to tool 0
All ATC maps
Machine: VMX42i XP DS
Next Tool: 	LC: 20
Pockets: 31
Pocket	Lock	UI	SDB	File
0	 	0	0
1	 	49	49	49
2	 	4	4	4
3	 	0	0	0
4	 	68	68	68
5	 	2	2	2
6	 	0	0	0
7	 	173	173	173
8	 	67	67	67
9	 	0	0	0
10	 	3	3	3
11	 	19	19	19
12	 	21	21	21
13	 	10	10	10
14	 	9	9	9
15	 	112	112	112
16	 	14	14	14
17	 	74	74	74
18	 	99	99	99
19	 	17	17	17
20	 	77	77	77
21	 	62	62	62
22	 	6	6	6
23	 	82	82	82
24	 	0	0	0
25	 	45	45	45
26	 	188	188	188
27	 	79	79	79
28	 	18	18	18
29	 	159	159	159
30	 	11	11	11
31	 	0	0	0

04/22/25 14:00:17
RT wrote Config.sdf File successfully

04/22/25 14:00:18
LC requested CNC_SAVE_ATC_MAP command

04/22/25 14:00:18
Toolchange: Pocket 9 changed to tool 20
All ATC maps
Machine: VMX42i XP DS
Next Tool: 	LC: 20
Pockets: 31
Pocket	Lock	UI	SDB	File
0	 	0	0
1	 	49	49	49
2	 	4	4	4
3	 	0	0	0
4	 	68	68	68
5	 	2	2	2
6	 	0	0	0
7	 	173	173	173
8	 	67	67	67
9	 	20	20	0
10	 	3	3	3
11	 	19	19	19
12	 	21	21	21
13	 	10	10	10
14	 	9	9	9
15	 	112	112	112
16	 	14	14	14
17	 	74	74	74
18	 	99	99	99
19	 	17	17	17
20	 	77	77	77
21	 	62	62	62
22	 	6	6	6
23	 	82	82	82
24	 	0	0	0
25	 	45	45	45
26	 	188	188	188
27	 	79	79	79
28	 	18	18	18
29	 	159	159	159
30	 	11	11	11
31	 	0	0	0

04/22/25 14:00:18
RT wrote Config.sdf File successfully

04/22/25 14:00:20

@@@ ATC Pocket Home notification

