RevolvingLog v. 1.0.0.0
04/28/25 14:45:07 - Created
--------------------------------------------------------------------------------

04/28/25 14:45:08
Just after loading UI ATC map
All ATC maps
Machine: VMX42i XP DS
Next Tool: 	LC: 0
Pockets: 31
Pocket	Lock	UI	SDB	File
0	 	0	0
1	 	18	18	18
2	 	6	6	6
3	 	4	4	4
4	 	68	68	68
5	 	9	9	9
6	 	0	0	0
7	 	0	0	0
8	 	112	112	112
9	 	172	172	172
10	 	74	74	74
11	 	23	23	23
12	 	79	79	79
13	 	10	10	10
14	 	192	192	192
15	 	67	67	67
16	 	14	14	14
17	 	117	117	117
18	 	11	11	11
19	 	17	17	17
20	 	77	77	77
21	 	0	0	0
22	 	3	3	3
23	 	82	82	82
24	 	188	188	188
25	 	62	62	62
26	 	49	49	49
27	 	19	19	19
28	 	99	99	99
29	 	20	20	20
30	 	2	2	2
31	 	0	0	0

04/28/25 14:45:08
Next tool changed to 0

04/28/25 14:45:08
Tool in Spindle status changed to Auto.

