RevolvingLog v. 1.0.0.0
04/29/25 14:55:24 - Created
--------------------------------------------------------------------------------

04/29/25 14:55:25
Just after loading UI ATC map
All ATC maps
Machine: VMX42i XP DS
Next Tool: 	LC: 0
Pockets: 31
Pocket	Lock	UI	SDB	File
0	 	0	0
1	 	99	99	99
2	 	6	6	6
3	 	4	4	4
4	 	68	68	68
5	 	159	159	159
6	 	49	49	49
7	 	186	186	186
8	 	9	9	9
9	 	172	172	172
10	 	74	74	74
11	 	77	77	77
12	 	79	79	79
13	 	10	10	10
14	 	18	18	18
15	 	67	67	67
16	 	14	14	14
17	 	112	112	112
18	 	11	11	11
19	 	17	17	17
20	 	0	0	0
21	 	0	0	0
22	 	123	123	123
23	 	82	82	82
24	 	165	165	165
25	 	62	62	62
26	 	122	122	122
27	 	19	19	19
28	 	3	3	3
29	 	20	20	20
30	 	2	2	2
31	 	0	0	0

04/29/25 14:55:25
Next tool changed to 0

04/29/25 14:55:25
Tool in Spindle status changed to Auto.

